2018-04-23 00:00:00,012 DEBUG org.nutz.ioc.impl.NutIoc.get(NutIoc.java:165) - Get 'todayYYYYMMDDJob'<class net.wendal.nutzbook.core.quartz.job.TodayYYYYMMDDJob>
2018-04-23 00:00:00,102 DEBUG org.nutz.ioc.impl.NutIoc.get(NutIoc.java:191) - 	 >> Load definition name=todayYYYYMMDDJob
2018-04-23 00:00:00,102 DEBUG org.nutz.ioc.loader.combo.ComboIocLoader.printFoundIocBean(ComboIocLoader.java:226) - Found IocObject(todayYYYYMMDDJob) in HotplugIocLoader@956631546
2018-04-23 00:00:00,103 DEBUG org.nutz.ioc.impl.NutIoc.get(NutIoc.java:222) - 	 >> Make...'todayYYYYMMDDJob'<class net.wendal.nutzbook.core.quartz.job.TodayYYYYMMDDJob>
2018-04-23 00:00:00,103 DEBUG org.nutz.ioc.impl.ScopeContext.save(ScopeContext.java:64) - Save object 'todayYYYYMMDDJob' to [app] 
2018-04-23 00:00:00,104 DEBUG org.nutz.ioc.aop.impl.DefaultMirrorFactory.getMirror(DefaultMirrorFactory.java:76) - Load class net.wendal.nutzbook.core.quartz.job.TodayYYYYMMDDJob without AOP
2018-04-23 00:00:00,199 DEBUG org.quartz.core.JobRunShell.run(JobRunShell.java:201) - Calling execute on job DEFAULT.net.wendal.nutzbook.core.quartz.job.TodayYYYYMMDDJob
2018-04-23 00:00:01,724 INFO  org.nutz.mvc.impl.NutLoading.depose(NutLoading.java:420) - Nutz.Mvc[nutz] is deposing ...
2018-04-23 00:00:01,725 DEBUG org.nutz.ioc.impl.NutIoc.get(NutIoc.java:165) - Get 'hotplug'<class org.nutz.plugins.hotplug.Hotplug>
2018-04-23 00:00:01,726 DEBUG org.nutz.ioc.impl.NutIoc.get(NutIoc.java:165) - Get 'scheduler'<interface org.quartz.Scheduler>
2018-04-23 00:00:01,727 INFO  org.quartz.core.QuartzScheduler.shutdown(QuartzScheduler.java:694) - Scheduler NutzbookScheduler_$_NON_CLUSTERED shutting down.
2018-04-23 00:00:01,730 INFO  org.quartz.core.QuartzScheduler.standby(QuartzScheduler.java:613) - Scheduler NutzbookScheduler_$_NON_CLUSTERED paused.
2018-04-23 00:00:01,731 DEBUG org.quartz.simpl.SimpleThreadPool.shutdown(SimpleThreadPool.java:328) - Shutting down threadpool...
2018-04-23 00:00:01,741 DEBUG org.quartz.simpl.SimpleThreadPool$WorkerThread.run(SimpleThreadPool.java:612) - WorkerThread is shut down.
2018-04-23 00:00:01,784 DEBUG org.quartz.simpl.SimpleThreadPool$WorkerThread.run(SimpleThreadPool.java:612) - WorkerThread is shut down.
2018-04-23 00:00:02,212 DEBUG org.quartz.simpl.SimpleThreadPool$WorkerThread.run(SimpleThreadPool.java:612) - WorkerThread is shut down.
2018-04-23 00:00:02,212 DEBUG org.quartz.simpl.SimpleThreadPool.shutdown(SimpleThreadPool.java:393) - No executing jobs remaining, all threads stopped.
2018-04-23 00:00:02,213 DEBUG org.quartz.simpl.SimpleThreadPool.shutdown(SimpleThreadPool.java:395) - Shutdown of threadpool complete.
2018-04-23 00:00:02,214 INFO  org.quartz.core.QuartzScheduler.shutdown(QuartzScheduler.java:771) - Scheduler NutzbookScheduler_$_NON_CLUSTERED shutdown complete.
2018-04-23 00:00:02,215 DEBUG net.wendal.nutzbook.core.CoreMainSetup.destroy(CoreMainSetup.java:173) - deregisterDriver: com.mysql.jdbc.Driver
2018-04-23 00:00:02,216 DEBUG net.wendal.nutzbook.core.CoreMainSetup.destroy(CoreMainSetup.java:173) - deregisterDriver: com.mysql.fabric.jdbc.FabricMySQLDriver
2018-04-23 00:00:02,217 DEBUG net.wendal.nutzbook.core.CoreMainSetup.destroy(CoreMainSetup.java:173) - deregisterDriver: com.alibaba.druid.mock.MockDriver
2018-04-23 00:00:02,218 DEBUG net.wendal.nutzbook.core.CoreMainSetup.destroy(CoreMainSetup.java:173) - deregisterDriver: com.alibaba.druid.proxy.DruidDriver
2018-04-23 00:00:02,220 INFO  org.nutz.ioc.impl.NutIoc.depose(NutIoc.java:286) - org.nutz.ioc.impl.NutIoc@1431982088 is closing. startup date [18-04-22 23:23:16.481]
2018-04-23 00:00:02,222 DEBUG org.nutz.ioc.impl.ScopeContext.clear(ScopeContext.java:108) - Depose object 'todayYYYYMMDDJob' ...
2018-04-23 00:00:02,222 DEBUG org.nutz.ioc.impl.ScopeContext.clear(ScopeContext.java:108) - Depose object 'configureModule' ...
2018-04-23 00:00:02,223 DEBUG org.nutz.ioc.impl.ScopeContext.clear(ScopeContext.java:108) - Depose object 'slogModule' ...
2018-04-23 00:00:02,226 DEBUG org.nutz.ioc.impl.ScopeContext.clear(ScopeContext.java:108) - Depose object 'txSERIALIZABLE' ...
2018-04-23 00:00:02,227 DEBUG org.nutz.ioc.impl.ScopeContext.clear(ScopeContext.java:108) - Depose object 'txREAD_COMMITTED' ...
2018-04-23 00:00:02,228 DEBUG org.nutz.ioc.impl.ScopeContext.clear(ScopeContext.java:108) - Depose object 'authorityModule' ...
2018-04-23 00:00:02,228 DEBUG org.nutz.ioc.impl.ScopeContext.clear(ScopeContext.java:108) - Depose object 'pubSubService' ...
2018-04-23 00:00:02,229 DEBUG org.nutz.ioc.impl.ScopeContext.clear(ScopeContext.java:108) - Depose object 'hotplugModule' ...
2018-04-23 00:00:02,231 DEBUG org.nutz.ioc.impl.ScopeContext.clear(ScopeContext.java:108) - Depose object 'userModule' ...
2018-04-23 00:00:02,231 DEBUG org.nutz.ioc.impl.ScopeContext.clear(ScopeContext.java:108) - Depose object 'captchaModule' ...
2018-04-23 00:00:02,232 DEBUG org.nutz.ioc.impl.ScopeContext.clear(ScopeContext.java:108) - Depose object 'emailService' ...
2018-04-23 00:00:02,232 DEBUG org.nutz.ioc.impl.ScopeContext.clear(ScopeContext.java:108) - Depose object 'adminlteModule' ...
2018-04-23 00:00:02,233 DEBUG org.nutz.ioc.impl.ScopeContext.clear(ScopeContext.java:108) - Depose object 'pageModule' ...
2018-04-23 00:00:02,234 DEBUG org.nutz.ioc.impl.ScopeContext.clear(ScopeContext.java:108) - Depose object 'authorityService' ...
2018-04-23 00:00:02,234 DEBUG org.nutz.ioc.impl.ScopeContext.clear(ScopeContext.java:108) - Depose object 'jobFactory' ...
2018-04-23 00:00:02,235 DEBUG org.nutz.ioc.impl.ScopeContext.clear(ScopeContext.java:108) - Depose object 'scheduler' ...
2018-04-23 00:00:02,235 DEBUG org.nutz.ioc.impl.ScopeContext.clear(ScopeContext.java:108) - Depose object 'nutQuartzCronJobFactory' ...
2018-04-23 00:00:02,236 DEBUG org.nutz.ioc.impl.ScopeContext.clear(ScopeContext.java:108) - Depose object 'redis' ...
2018-04-23 00:00:02,238 DEBUG org.nutz.ioc.impl.ScopeContext.clear(ScopeContext.java:108) - Depose object 'userService' ...
2018-04-23 00:00:02,238 DEBUG org.nutz.ioc.impl.ScopeContext.clear(ScopeContext.java:108) - Depose object 'slogService' ...
2018-04-23 00:00:02,239 DEBUG org.nutz.ioc.impl.ScopeContext.clear(ScopeContext.java:108) - Depose object 'redisIdGenerator' ...
2018-04-23 00:00:02,239 DEBUG org.nutz.ioc.impl.ScopeContext.clear(ScopeContext.java:108) - Depose object 'jedisAgent' ...
2018-04-23 00:00:02,240 DEBUG org.nutz.ioc.impl.ScopeContext.clear(ScopeContext.java:108) - Depose object 'configureService' ...
2018-04-23 00:00:02,240 DEBUG org.nutz.ioc.impl.ScopeContext.clear(ScopeContext.java:108) - Depose object 'cacheManager' ...
2018-04-23 00:00:02,241 DEBUG org.nutz.ioc.impl.ScopeContext.clear(ScopeContext.java:108) - Depose object 'dao' ...
2018-04-23 00:00:02,242 DEBUG org.nutz.ioc.impl.ScopeContext.clear(ScopeContext.java:108) - Depose object 'jedisPoolConfig' ...
2018-04-23 00:00:02,242 DEBUG org.nutz.ioc.impl.ScopeContext.clear(ScopeContext.java:108) - Depose object 'jedisPool' ...
2018-04-23 00:00:02,257 DEBUG org.nutz.ioc.impl.ScopeContext.clear(ScopeContext.java:108) - Depose object 'coreIocBeanFactory' ...
2018-04-23 00:00:02,258 DEBUG org.nutz.ioc.impl.ScopeContext.clear(ScopeContext.java:108) - Depose object 'conf' ...
2018-04-23 00:00:02,259 DEBUG org.nutz.ioc.impl.ScopeContext.clear(ScopeContext.java:108) - Depose object '$aop_slog' ...
2018-04-23 00:00:02,259 DEBUG org.nutz.ioc.impl.ScopeContext.clear(ScopeContext.java:108) - Depose object '$aop_async' ...
2018-04-23 00:00:02,260 DEBUG org.nutz.ioc.impl.ScopeContext.clear(ScopeContext.java:108) - Depose object 'hotplug' ...
2018-04-23 00:00:02,260 DEBUG org.nutz.ioc.impl.ScopeContext.clear(ScopeContext.java:113) - Depose object 'dataSource' ...
2018-04-23 00:00:02,263 INFO  com.alibaba.druid.pool.DruidDataSource.close(DruidDataSource.java:1444) - {dataSource-1} closed
2018-04-23 00:00:02,265 INFO  org.nutz.ioc.impl.NutIoc.depose(NutIoc.java:300) - org.nutz.ioc.impl.NutIoc@1431982088 is deposed. startup date [18-04-22 23:23:16.481]
2018-04-23 00:00:02,265 INFO  org.nutz.mvc.impl.NutLoading.depose(NutLoading.java:445) - Nutz.Mvc[nutz] is down in 540ms
2018-04-23 00:00:04,036 INFO  org.apache.shiro.web.env.EnvironmentLoader.initEnvironment(EnvironmentLoader.java:128) - Starting Shiro environment initialization.
2018-04-23 00:00:04,080 DEBUG org.apache.shiro.io.ResourceUtils.loadFromClassPath(ResourceUtils.java:159) - Opening resource from class path [shiro.ini]
2018-04-23 00:00:04,086 DEBUG org.apache.shiro.config.Ini.load(Ini.java:351) - Parsing [main]
2018-04-23 00:00:04,093 DEBUG org.apache.shiro.config.Ini.load(Ini.java:351) - Parsing [urls]
2018-04-23 00:00:04,102 DEBUG org.apache.shiro.config.IniFactorySupport.createInstance(IniFactorySupport.java:122) - Creating instance from Ini [sections=main,urls]
2018-04-23 00:00:04,333 DEBUG org.apache.shiro.config.ReflectionBuilder.resolveReference(ReflectionBuilder.java:396) - Encountered object reference '$sessionDAO'.  Looking up object with id 'sessionDAO'
2018-04-23 00:00:04,357 DEBUG org.apache.shiro.config.ReflectionBuilder.resolveReference(ReflectionBuilder.java:396) - Encountered object reference '$sessionManager'.  Looking up object with id 'sessionManager'
2018-04-23 00:00:04,368 DEBUG org.apache.shiro.config.ReflectionBuilder.resolveReference(ReflectionBuilder.java:396) - Encountered object reference '$sessionIdGenerator'.  Looking up object with id 'sessionIdGenerator'
2018-04-23 00:00:04,416 DEBUG org.apache.shiro.cache.ehcache.EhCacheManager.ensureCacheManager(EhCacheManager.java:206) - cacheManager property not set.  Constructing CacheManager instance... 
2018-04-23 00:00:04,434 DEBUG org.apache.shiro.io.ResourceUtils.loadFromClassPath(ResourceUtils.java:159) - Opening resource from class path [ehcache.xml]
2018-04-23 00:00:04,446 DEBUG net.sf.ehcache.config.ConfigurationFactory.parseConfiguration(ConfigurationFactory.java:150) - Configuring ehcache from InputStream
2018-04-23 00:00:04,480 DEBUG net.sf.ehcache.config.BeanHandler.setAttribute(BeanHandler.java:271) - Ignoring ehcache attribute xmlns:xsi
2018-04-23 00:00:04,480 DEBUG net.sf.ehcache.config.BeanHandler.setAttribute(BeanHandler.java:271) - Ignoring ehcache attribute xsi:noNamespaceSchemaLocation
2018-04-23 00:00:04,487 DEBUG net.sf.ehcache.config.DiskStoreConfiguration.translatePath(DiskStoreConfiguration.java:141) - Disk Store Path: ehcache.disk.store.dir/yvr_cache
2018-04-23 00:00:04,527 DEBUG net.sf.ehcache.util.PropertyUtil.parseProperties(PropertyUtil.java:88) - propertiesString is null.
2018-04-23 00:00:04,583 DEBUG net.sf.ehcache.config.ConfigurationHelper.createCacheManagerEventListener(ConfigurationHelper.java:185) - No CacheManagerEventListenerFactory class specified. Skipping...
2018-04-23 00:00:04,634 DEBUG net.sf.ehcache.Cache.createBootstrapCacheLoader(Cache.java:955) - No BootstrapCacheLoaderFactory class specified. Skipping...
2018-04-23 00:00:04,635 DEBUG net.sf.ehcache.Cache.createCacheWriter(Cache.java:929) - CacheWriter factory not configured. Skipping...
2018-04-23 00:00:04,639 DEBUG net.sf.ehcache.config.ConfigurationHelper.createCacheExceptionHandler(ConfigurationHelper.java:96) - No CacheExceptionHandlerFactory class specified. Skipping...
2018-04-23 00:00:04,655 DEBUG net.sf.ehcache.Cache.createBootstrapCacheLoader(Cache.java:955) - No BootstrapCacheLoaderFactory class specified. Skipping...
2018-04-23 00:00:04,655 DEBUG net.sf.ehcache.Cache.createCacheWriter(Cache.java:929) - CacheWriter factory not configured. Skipping...
2018-04-23 00:00:04,656 DEBUG net.sf.ehcache.config.ConfigurationHelper.createCacheExceptionHandler(ConfigurationHelper.java:96) - No CacheExceptionHandlerFactory class specified. Skipping...
2018-04-23 00:00:04,657 DEBUG net.sf.ehcache.Cache.createBootstrapCacheLoader(Cache.java:955) - No BootstrapCacheLoaderFactory class specified. Skipping...
2018-04-23 00:00:04,657 DEBUG net.sf.ehcache.Cache.createCacheWriter(Cache.java:929) - CacheWriter factory not configured. Skipping...
2018-04-23 00:00:04,658 DEBUG net.sf.ehcache.config.ConfigurationHelper.createCacheExceptionHandler(ConfigurationHelper.java:96) - No CacheExceptionHandlerFactory class specified. Skipping...
2018-04-23 00:00:04,698 DEBUG net.sf.ehcache.store.MemoryStore.<init>(MemoryStore.java:153) - Initialized net.sf.ehcache.store.NotifyingMemoryStore for shiro-activeSessionCache
2018-04-23 00:00:04,715 DEBUG net.sf.ehcache.Cache.initialise(Cache.java:1165) - Initialised cache: shiro-activeSessionCache
2018-04-23 00:00:04,716 DEBUG net.sf.ehcache.config.ConfigurationHelper.createCacheDecorators(ConfigurationHelper.java:325) - CacheDecoratorFactory not configured. Skipping for 'shiro-activeSessionCache'.
2018-04-23 00:00:04,717 DEBUG net.sf.ehcache.config.ConfigurationHelper.createDefaultCacheDecorators(ConfigurationHelper.java:354) - CacheDecoratorFactory not configured for defaultCache. Skipping for 'shiro-activeSessionCache'.
2018-04-23 00:00:04,721 DEBUG net.sf.ehcache.store.MemoryStore.<init>(MemoryStore.java:153) - Initialized net.sf.ehcache.store.MemoryStore for markdown
2018-04-23 00:00:04,735 DEBUG net.sf.ehcache.DiskStorePathManager.resolveAndLockIfNeeded(DiskStorePathManager.java:169) - Using diskstore path ehcache.disk.store.dir\yvr_cache
2018-04-23 00:00:04,736 DEBUG net.sf.ehcache.DiskStorePathManager.resolveAndLockIfNeeded(DiskStorePathManager.java:170) - Holding exclusive lock on E:\JAVA_OK\nutz-book-project-3.x\nutzcn-webapp\ehcache.disk.store.dir\yvr_cache\.ehcache-diskstore.lock
2018-04-23 00:00:04,773 DEBUG net.sf.ehcache.store.disk.DiskStorageFactory.<init>(DiskStorageFactory.java:168) - Matching data file missing (or empty) for index file. Deleting index file ehcache.disk.store.dir\yvr_cache\markdown.index
2018-04-23 00:00:04,792 DEBUG net.sf.ehcache.Cache.initialise(Cache.java:1165) - Initialised cache: markdown
2018-04-23 00:00:04,793 DEBUG net.sf.ehcache.config.ConfigurationHelper.createCacheDecorators(ConfigurationHelper.java:325) - CacheDecoratorFactory not configured. Skipping for 'markdown'.
2018-04-23 00:00:04,793 DEBUG net.sf.ehcache.config.ConfigurationHelper.createDefaultCacheDecorators(ConfigurationHelper.java:354) - CacheDecoratorFactory not configured for defaultCache. Skipping for 'markdown'.
2018-04-23 00:00:04,795 DEBUG org.apache.shiro.cache.ehcache.EhCacheManager.ensureCacheManager(EhCacheManager.java:219) - implicit cacheManager created successfully.
2018-04-23 00:00:04,830 INFO  org.nutz.log.impl.Slf4jLogAdapter.canWork(Slf4jLogAdapter.java:22) - Using Slf4jLogger
2018-04-23 00:00:04,850 DEBUG org.apache.shiro.config.ReflectionBuilder.resolveReference(ReflectionBuilder.java:396) - Encountered object reference '$cacheManager_ehcache'.  Looking up object with id 'cacheManager_ehcache'
2018-04-23 00:00:04,851 DEBUG org.apache.shiro.config.ReflectionBuilder.resolveReference(ReflectionBuilder.java:396) - Encountered object reference '$cacheManager_redis'.  Looking up object with id 'cacheManager_redis'
2018-04-23 00:00:04,852 DEBUG org.apache.shiro.config.ReflectionBuilder.resolveReference(ReflectionBuilder.java:396) - Encountered object reference '$jedisAgent'.  Looking up object with id 'jedisAgent'
2018-04-23 00:00:04,854 DEBUG org.apache.shiro.config.ReflectionBuilder.resolveReference(ReflectionBuilder.java:396) - Encountered object reference '$cacheManager'.  Looking up object with id 'cacheManager'
2018-04-23 00:00:04,906 DEBUG org.apache.shiro.realm.AuthorizingRealm.getAuthorizationCacheLazy(AuthorizingRealm.java:234) - No authorizationCache instance set.  Checking for a cacheManager...
2018-04-23 00:00:04,907 DEBUG org.apache.shiro.realm.AuthorizingRealm.getAuthorizationCacheLazy(AuthorizingRealm.java:248) - No cache or cacheManager properties have been set.  Authorization cache cannot be obtained.
2018-04-23 00:00:04,921 DEBUG org.apache.shiro.config.ReflectionBuilder.resolveReference(ReflectionBuilder.java:396) - Encountered object reference '$sessionIdCookie'.  Looking up object with id 'sessionIdCookie'
2018-04-23 00:00:04,926 INFO  org.apache.shiro.config.ReflectionBuilder.createNewInstance(ReflectionBuilder.java:296) - An instance with name 'authc' already exists.  Redefining this object as a new instance of type org.nutz.integration.shiro.SimpleAuthenticationFilter
2018-04-23 00:00:04,982 DEBUG org.apache.shiro.realm.AuthorizingRealm.getAuthorizationCacheLazy(AuthorizingRealm.java:234) - No authorizationCache instance set.  Checking for a cacheManager...
2018-04-23 00:00:04,983 DEBUG org.apache.shiro.realm.AuthorizingRealm.getAuthorizationCacheLazy(AuthorizingRealm.java:248) - No cache or cacheManager properties have been set.  Authorization cache cannot be obtained.
2018-04-23 00:00:04,988 DEBUG org.apache.shiro.config.IniFactorySupport.createInstance(IniFactorySupport.java:122) - Creating instance from Ini [sections=main,urls]
2018-04-23 00:00:05,000 INFO  org.apache.shiro.web.env.EnvironmentLoader.initEnvironment(EnvironmentLoader.java:141) - Shiro environment initialized in 957 ms.
2018-04-23 00:00:05,293 INFO  org.nutz.mvc.NutFilter._init(NutFilter.java:85) - NutFilter[nutz] starting ...
2018-04-23 00:00:05,322 DEBUG org.nutz.resource.Scans.printLocations(Scans.java:527) - Locations count=2 time use 16ms
2018-04-23 00:00:05,401 DEBUG org.nutz.resource.Scans.printLocations(Scans.java:527) - Locations count=6 time use 79ms
2018-04-23 00:00:05,446 DEBUG org.nutz.mvc.config.AbstractNutConfig.createLoading(AbstractNutConfig.java:66) - Loading by class org.nutz.plugins.hotplug.Hotplug
2018-04-23 00:00:05,485 INFO  org.nutz.mvc.impl.NutLoading.load(NutLoading.java:55) - Nutz Version : 1.r.65-SNAPSHOT 
2018-04-23 00:00:05,486 INFO  org.nutz.mvc.impl.NutLoading.load(NutLoading.java:56) - Nutz.Mvc[nutz] is initializing ...
2018-04-23 00:00:05,486 DEBUG org.nutz.mvc.impl.NutLoading.load(NutLoading.java:60) - Web Container Information:
2018-04-23 00:00:05,487 DEBUG org.nutz.mvc.impl.NutLoading.load(NutLoading.java:61) -  - Default Charset : GBK
2018-04-23 00:00:05,487 DEBUG org.nutz.mvc.impl.NutLoading.load(NutLoading.java:62) -  - Current . path  : E:\JAVA_OK\nutz-book-project-3.x\nutzcn-webapp\.
2018-04-23 00:00:05,488 DEBUG org.nutz.mvc.impl.NutLoading.load(NutLoading.java:63) -  - Java Version    : 1.8.0_162
2018-04-23 00:00:05,488 DEBUG org.nutz.mvc.impl.NutLoading.load(NutLoading.java:64) -  - File separator  : \
2018-04-23 00:00:05,489 DEBUG org.nutz.mvc.impl.NutLoading.load(NutLoading.java:65) -  - Timezone        : Asia/Shanghai
2018-04-23 00:00:05,489 DEBUG org.nutz.mvc.impl.NutLoading.load(NutLoading.java:66) -  - OS              : Windows 7 amd64
2018-04-23 00:00:05,490 DEBUG org.nutz.mvc.impl.NutLoading.load(NutLoading.java:67) -  - ServerInfo      : jetty/9.4.8.v20171121
2018-04-23 00:00:05,490 DEBUG org.nutz.mvc.impl.NutLoading.load(NutLoading.java:68) -  - Servlet API     : 3.1
2018-04-23 00:00:05,491 DEBUG org.nutz.mvc.impl.NutLoading.load(NutLoading.java:73) -  - ContextPath     : 
2018-04-23 00:00:05,491 DEBUG org.nutz.mvc.impl.NutLoading.load(NutLoading.java:74) -  - context.tempdir : E:\JAVA_OK\nutz-book-project-3.x\nutzcn-webapp\target\tmp
2018-04-23 00:00:05,492 DEBUG org.nutz.mvc.impl.NutLoading.load(NutLoading.java:75) -  - MainModule      : net.wendal.nutzbook.web.MainModule
2018-04-23 00:00:05,494 DEBUG org.nutz.mvc.impl.NutLoading.createContext(NutLoading.java:239) - >> app.root = E:/JAVA_OK/nutz-book-project-3.x/nutzcn-webapp/src/main/webapp
2018-04-23 00:00:05,564 DEBUG org.nutz.castor.Castors.reload(Castors.java:115) - Using 95 castor for Castors
2018-04-23 00:00:05,566 DEBUG org.nutz.plugins.hotplug.Hotplug.createIoc(Hotplug.java:136) - @IocBy(type=class org.nutz.ioc.loader.combo.ComboIocLoader, args=["*js", "ioc/", "*quartz", "*async", "128", "*tx", "*jedis", "*slog", "*hotplug"],init=[])
2018-04-23 00:00:05,612 DEBUG org.nutz.resource.Scans.scan(Scans.java:280) - Found 1 resource by src( ioc/ ) , regex( ^(.+[.])(js|json)$ )
2018-04-23 00:00:05,656 DEBUG org.nutz.ioc.loader.json.JsonLoader.<init>(JsonLoader.java:49) - loading [mail.js]
2018-04-23 00:00:05,658 DEBUG org.nutz.ioc.loader.json.JsonLoader.<init>(JsonLoader.java:57) - Loaded 2 bean define from path=[ioc/] --> [htmlEmail, emailAuthenticator]
2018-04-23 00:00:05,662 DEBUG org.nutz.ioc.loader.combo.ComboIocLoader.createIocLoader(ComboIocLoader.java:116) - found quartz -- org.nutz.integration.quartz.QuartzIocLoader
2018-04-23 00:00:05,666 DEBUG org.nutz.ioc.loader.json.JsonLoader.<init>(JsonLoader.java:57) - Loaded 0 bean define from path=[] --> []
2018-04-23 00:00:05,708 DEBUG org.nutz.ioc.aop.SimpleAopMaker.<init>(SimpleAopMaker.java:79) - Load AopConfigure for anno=org.nutz.aop.interceptor.async.Async by type=org.nutz.aop.interceptor.async.AsyncAopIocLoader
2018-04-23 00:00:05,713 DEBUG org.nutz.ioc.loader.combo.ComboIocLoader.createIocLoader(ComboIocLoader.java:116) - found jedis -- org.nutz.integration.jedis.JedisIocLoader
2018-04-23 00:00:05,720 DEBUG org.nutz.resource.Scans.scan(Scans.java:280) - Found 1 resource by src( org/nutz/integration/jedis/jedis.js ) , regex( ^(.+[.])(js|json)$ )
2018-04-23 00:00:05,721 DEBUG org.nutz.ioc.loader.json.JsonLoader.<init>(JsonLoader.java:49) - loading [org/nutz/integration/jedis/jedis.js]
2018-04-23 00:00:05,723 DEBUG org.nutz.ioc.loader.json.JsonLoader.<init>(JsonLoader.java:57) - Loaded 9 bean define from path=[org/nutz/integration/jedis/jedis.js] --> [redisService, jedisCluster, jedisClusterNodes, jedisClusterWrapper, pubSubService, jedisPoolConfig, jedisPool, jedisAgent, redis]
2018-04-23 00:00:05,728 DEBUG org.nutz.ioc.loader.combo.ComboIocLoader.createIocLoader(ComboIocLoader.java:116) - found slog -- org.nutz.plugins.slog.SlogIocLoader
2018-04-23 00:00:05,734 DEBUG org.nutz.resource.Scans.scan(Scans.java:280) - Found 1 resource by src( org/nutz/plugins/slog/slog.js ) , regex( ^(.+[.])(js|json)$ )
2018-04-23 00:00:05,734 DEBUG org.nutz.ioc.loader.json.JsonLoader.<init>(JsonLoader.java:49) - loading [org/nutz/plugins/slog/slog.js]
2018-04-23 00:00:05,735 DEBUG org.nutz.ioc.loader.json.JsonLoader.<init>(JsonLoader.java:57) - Loaded 2 bean define from path=[org/nutz/plugins/slog/slog.js] --> [slogService, $aop_slog]
2018-04-23 00:00:05,738 DEBUG org.nutz.ioc.loader.combo.ComboIocLoader.createIocLoader(ComboIocLoader.java:116) - found hotplug -- org.nutz.plugins.hotplug.HotplugIocLoader
2018-04-23 00:00:05,762 INFO  org.nutz.ioc.impl.NutIoc.<init>(NutIoc.java:129) - ... NutIoc init complete
2018-04-23 00:00:05,765 DEBUG org.nutz.ioc.impl.ScopeContext.save(ScopeContext.java:64) - Save object 'hotplug' to [app] 
2018-04-23 00:00:05,767 DEBUG org.nutz.ioc.impl.NutIoc.get(NutIoc.java:165) - Get 'conf'<class org.nutz.ioc.impl.PropertiesProxy>
2018-04-23 00:00:05,770 DEBUG org.nutz.ioc.impl.NutIoc.get(NutIoc.java:165) - Get '$aop_async'<interface org.nutz.ioc.aop.config.AopConfigration>
2018-04-23 00:00:05,772 DEBUG org.nutz.ioc.impl.NutIoc.get(NutIoc.java:191) - 	 >> Load definition name=$aop_async
2018-04-23 00:00:05,778 DEBUG org.nutz.ioc.loader.combo.ComboIocLoader.printFoundIocBean(ComboIocLoader.java:226) - Found IocObject($aop_async) in AsyncAopIocLoader@1136860848
2018-04-23 00:00:05,779 DEBUG org.nutz.ioc.impl.NutIoc.get(NutIoc.java:222) - 	 >> Make...'$aop_async'<interface org.nutz.ioc.aop.config.AopConfigration>
2018-04-23 00:00:05,792 INFO  org.nutz.mvc.impl.NutLoading.evalUrlMapping(NutLoading.java:159) - Build URL mapping by org.nutz.plugins.apidoc.ApidocUrlMapping ...
2018-04-23 00:00:05,810 DEBUG org.beetl.ext.nutz.BeetlViewMaker.init(BeetlViewMaker.java:59) - beetl init ....
2018-04-23 00:00:05,817 DEBUG org.beetl.ext.nutz.BeetlViewMaker.init(BeetlViewMaker.java:64) - found beetl.properties, loading ...
2018-04-23 00:00:05,818 DEBUG org.beetl.ext.nutz.BeetlViewMaker.init(BeetlViewMaker.java:79) - no custom DIRECT_BYTE_OUTPUT found , set to true
2018-04-23 00:00:05,828 DEBUG org.nutz.ioc.impl.ScopeContext.save(ScopeContext.java:64) - Save object '$aop_async' to [app] 
2018-04-23 00:00:05,837 DEBUG org.nutz.ioc.impl.NutIoc.get(NutIoc.java:165) - Get '$aop_slog'<interface org.nutz.ioc.aop.config.AopConfigration>
2018-04-23 00:00:05,838 DEBUG org.nutz.ioc.impl.NutIoc.get(NutIoc.java:191) - 	 >> Load definition name=$aop_slog
2018-04-23 00:00:05,838 DEBUG org.nutz.ioc.loader.combo.ComboIocLoader.printFoundIocBean(ComboIocLoader.java:226) - Found IocObject($aop_slog) in JsonLoader(paths=[org/nutz/plugins/slog/slog.js])
2018-04-23 00:00:05,838 DEBUG org.nutz.ioc.impl.NutIoc.get(NutIoc.java:222) - 	 >> Make...'$aop_slog'<interface org.nutz.ioc.aop.config.AopConfigration>
2018-04-23 00:00:05,839 DEBUG org.nutz.ioc.impl.ScopeContext.save(ScopeContext.java:64) - Save object '$aop_slog' to [app] 
2018-04-23 00:00:05,847 DEBUG org.nutz.ioc.aop.SimpleAopMaker.<init>(SimpleAopMaker.java:79) - Load AopConfigure for anno=org.nutz.plugins.slog.annotation.Slog by type=org.nutz.plugins.slog.aop.SlogAopConfigration
2018-04-23 00:00:05,848 DEBUG org.nutz.ioc.aop.SimpleAopMaker.<init>(SimpleAopMaker.java:79) - Load AopConfigure for anno=org.nutz.ioc.aop.Aop by type=org.nutz.ioc.aop.config.impl.AnnotationAopConfigration
2018-04-23 00:00:05,849 DEBUG org.nutz.ioc.impl.NutIoc.get(NutIoc.java:191) - 	 >> Load definition name=conf
2018-04-23 00:00:05,894 DEBUG org.beetl.ext.nutz.BeetlViewMaker.init(BeetlViewMaker.java:92) - beetl init complete
2018-04-23 00:00:05,898 DEBUG org.nutz.mvc.impl.NutLoading.createViewMakers(NutLoading.java:369) - @Views(BeetlViewMaker.class,PdfViewMaker.class,DefaultViewMaker.class)
2018-04-23 00:00:05,912 DEBUG org.nutz.resource.Scans.scan(Scans.java:280) - Found 1 resource by src( mvc/nutzbook-mvc-chain.js ) , regex( ^(.+[.])(js|json)$ )
2018-04-23 00:00:05,917 DEBUG org.nutz.mvc.impl.chainconfig.JsonActionChainMakerConfiguretion.<init>(JsonActionChainMakerConfiguretion.java:37) - ActionChain Config:
{
   "default": {
      "ps": ["net.wendal.nutzbook.common.mvc.LogTimeProcessor", "net.wendal.nutzbook.common.mvc.DailyUniqueUsersProcessor", "org.nutz.mvc.impl.processor.UpdateRequestAttributesProcessor", "org.nutz.mvc.impl.processor.EncodingProcessor", "org.nutz.mvc.impl.processor.ModuleProcessor", "org.nutz.integration.shiro.NutShiroProcessor", "org.nutz.mvc.impl.processor.ActionFiltersProcessor", "org.nutz.mvc.impl.processor.AdaptorProcessor", "org.nutz.mvc.impl.processor.MethodInvokeProcessor", "org.nutz.mvc.impl.processor.ViewProcessor"],
      "error": "org.nutz.mvc.impl.processor.FailProcessor"
   }
}
2018-04-23 00:00:05,918 DEBUG org.nutz.mvc.impl.NutLoading.createChainMaker(NutLoading.java:267) - @ChainBy(org.nutz.mvc.impl.NutActionChainMaker)
2018-04-23 00:00:05,926 DEBUG org.nutz.mvc.impl.Loadings.scanModules(Loadings.java:155) - module class location 'file:/E:/JAVA_OK/nutz-book-project-3.x/nutzcn-webapp/target/classes/'
2018-04-23 00:00:05,932 DEBUG org.nutz.mvc.impl.Loadings.scanModules(Loadings.java:173) -  > Found @At : 'net.wendal.nutzbook.web.MainModule'
2018-04-23 00:00:05,933 DEBUG org.nutz.mvc.impl.NutLoading.evalUrlMapping(NutLoading.java:196) - Use org.nutz.mvc.impl.NutEntryDeterminer as EntryMethodDeterminer
2018-04-23 00:00:05,949 DEBUG org.nutz.ioc.impl.NutIoc.get(NutIoc.java:165) - Get 'conf'<class org.nutz.ioc.impl.PropertiesProxy>
2018-04-23 00:00:05,949 DEBUG org.nutz.ioc.impl.NutIoc.get(NutIoc.java:191) - 	 >> Load definition name=conf
2018-04-23 00:00:05,963 INFO  org.nutz.mvc.impl.processor.ModuleProcessor.init(ModuleProcessor.java:61) - Create Module obj without Ioc --> class net.wendal.nutzbook.web.MainModule
2018-04-23 00:00:06,043 DEBUG org.nutz.mvc.impl.UrlMappingImpl.print(UrlMappingImpl.java:146) -    '/test'                     >> (MainModule.java:48).test             : void       | @Ok(json:full) @Fail(jsp:jsp.500) | by 0 Filters | (I:UTF-8/O:UTF-8)
2018-04-23 00:00:06,047 INFO  org.nutz.mvc.impl.NutLoading.evalUrlMapping(NutLoading.java:221) - Found 1 module methods
2018-04-23 00:00:06,047 DEBUG org.nutz.mvc.impl.NutLoading.evalLocalization(NutLoading.java:307) - Localization: org.nutz.mvc.impl.NutMessageLoader('msg/')  dft<zh-CN>
2018-04-23 00:00:06,049 DEBUG org.nutz.ioc.impl.NutIoc.get(NutIoc.java:165) - Get 'conf'<class org.nutz.ioc.impl.PropertiesProxy>
2018-04-23 00:00:06,049 DEBUG org.nutz.ioc.impl.NutIoc.get(NutIoc.java:191) - 	 >> Load definition name=conf
2018-04-23 00:00:06,057 DEBUG org.nutz.resource.Scans.scan(Scans.java:280) - Found 5 resource by src( msg/ ) , regex( ^.+[.]properties$ )
2018-04-23 00:00:06,058 DEBUG org.nutz.mvc.impl.NutMessageLoader.load(NutMessageLoader.java:27) - Load Messages in 5 resource : [[File[E:\JAVA_OK\nutz-book-project-3.x\nutzcn-webapp\target\classes\msg\zh-CN\admin_menu.properties], File[E:\JAVA_OK\nutz-book-project-3.x\nutzcn-webapp\target\classes\msg\zh-CN\authority.properties], File[E:\JAVA_OK\nutz-book-project-3.x\nutzcn-webapp\target\classes\msg\zh-CN\index.properties], File[E:\JAVA_OK\nutz-book-project-3.x\nutzcn-webapp\target\classes\msg\zh-CN\language_tag.properties], File[E:\JAVA_OK\nutz-book-project-3.x\nutzcn-webapp\target\classes\msg\zh-CN\user.properties]]]
2018-04-23 00:00:06,062 DEBUG org.nutz.mvc.impl.NutMessageLoader.load(NutMessageLoader.java:95) - Message Loaded, size = 2
2018-04-23 00:00:06,067 INFO  org.nutz.mvc.impl.NutLoading.createSessionProvider(NutLoading.java:413) - SessionBy --> org.nutz.integration.shiro.ShiroSessionProvider@666e348b
2018-04-23 00:00:06,068 INFO  org.nutz.mvc.impl.NutLoading.evalSetup(NutLoading.java:275) - Setup application...
2018-04-23 00:00:06,073 DEBUG org.nutz.ioc.impl.NutIoc.get(NutIoc.java:165) - Get 'hotplug'<class org.nutz.plugins.hotplug.Hotplug>
2018-04-23 00:00:06,078 DEBUG org.nutz.resource.Scans.scan(Scans.java:280) - Found 2 resource by src( hotplug/ ) , regex( .+.(js|json)$ )
2018-04-23 00:00:06,078 DEBUG org.nutz.plugins.hotplug.Hotplug.setupInit(Hotplug.java:289) - Check hotplug.nutzcn.adminlte.json
2018-04-23 00:00:06,102 DEBUG org.nutz.plugins.hotplug.Hotplug.setupInit(Hotplug.java:292) - Found name=adminlte base=net.wendal.nutzbook.adminlte
2018-04-23 00:00:06,103 DEBUG org.nutz.plugins.hotplug.Hotplug.setupInit(Hotplug.java:289) - Check hotplug.nutzcn.core.json
2018-04-23 00:00:06,104 DEBUG org.nutz.plugins.hotplug.Hotplug.setupInit(Hotplug.java:292) - Found name=core base=net.wendal.nutzbook.core
2018-04-23 00:00:06,105 DEBUG org.nutz.plugins.hotplug.Hotplug.setupInit(Hotplug.java:309) - init hotplug name=core
2018-04-23 00:00:06,108 INFO  org.nutz.ioc.loader.annotation.AnnotationIocLoader.<init>(AnnotationIocLoader.java:50) -  > scan 'net.wendal.nutzbook.core'
2018-04-23 00:00:06,117 DEBUG org.nutz.resource.Scans.scan(Scans.java:280) - Found 47 resource by src( net/wendal/nutzbook/core/ ) , regex( ^.+[.]class$ )
2018-04-23 00:00:06,149 DEBUG org.nutz.ioc.impl.NutIoc.get(NutIoc.java:165) - Get 'conf'<class org.nutz.ioc.impl.PropertiesProxy>
2018-04-23 00:00:06,149 DEBUG org.nutz.ioc.impl.NutIoc.get(NutIoc.java:191) - 	 >> Load definition name=conf
2018-04-23 00:00:06,149 INFO  org.nutz.ioc.loader.annotation.AnnotationIocLoader.addClass(AnnotationIocLoader.java:98) -    > add 'redisIdGenerator                        ' - net.wendal.nutzbook.core.ig.RedisIdGenerator
2018-04-23 00:00:06,152 INFO  org.nutz.ioc.loader.annotation.AnnotationIocLoader.addClass(AnnotationIocLoader.java:98) -    > add 'coreIocBeanFactory                      ' - net.wendal.nutzbook.core.ioc.CoreIocBeanFactory
2018-04-23 00:00:06,163 DEBUG org.nutz.ioc.loader.annotation.AnnotationIocLoader.handleIocBeanMethod(AnnotationIocLoader.java:246) - Found @IocBean method : CoreIocBeanFactory.getDataSource(...) define as name=dataSource
2018-04-23 00:00:06,166 DEBUG org.nutz.ioc.loader.annotation.AnnotationIocLoader.handleIocBeanMethod(AnnotationIocLoader.java:246) - Found @IocBean method : CoreIocBeanFactory.getCacheManager(...) define as name=cacheManager
2018-04-23 00:00:06,167 DEBUG org.nutz.ioc.loader.annotation.AnnotationIocLoader.handleIocBeanMethod(AnnotationIocLoader.java:246) - Found @IocBean method : CoreIocBeanFactory.buildConfigure(...) define as name=conf
2018-04-23 00:00:06,167 DEBUG org.nutz.ioc.loader.annotation.AnnotationIocLoader.handleIocBeanMethod(AnnotationIocLoader.java:246) - Found @IocBean method : CoreIocBeanFactory.getDao(...) define as name=dao
2018-04-23 00:00:06,171 INFO  org.nutz.ioc.loader.annotation.AnnotationIocLoader.addClass(AnnotationIocLoader.java:98) -    > add 'authorityModule                         ' - net.wendal.nutzbook.core.module.AuthorityModule
2018-04-23 00:00:06,187 INFO  org.nutz.ioc.loader.annotation.AnnotationIocLoader.addClass(AnnotationIocLoader.java:98) -    > add 'captchaModule                           ' - net.wendal.nutzbook.core.module.CaptchaModule
2018-04-23 00:00:06,188 INFO  org.nutz.ioc.loader.annotation.AnnotationIocLoader.addClass(AnnotationIocLoader.java:98) -    > add 'configureModule                         ' - net.wendal.nutzbook.core.module.ConfigureModule
2018-04-23 00:00:06,191 INFO  org.nutz.ioc.loader.annotation.AnnotationIocLoader.addClass(AnnotationIocLoader.java:98) -    > add 'hotplugModule                           ' - net.wendal.nutzbook.core.module.HotplugModule
2018-04-23 00:00:06,197 INFO  org.nutz.ioc.loader.annotation.AnnotationIocLoader.addClass(AnnotationIocLoader.java:98) -    > add 'pageModule                              ' - net.wendal.nutzbook.core.module.PageModule
2018-04-23 00:00:06,200 INFO  org.nutz.ioc.loader.annotation.AnnotationIocLoader.addClass(AnnotationIocLoader.java:98) -    > add 'slogModule                              ' - net.wendal.nutzbook.core.module.SlogModule
2018-04-23 00:00:06,203 INFO  org.nutz.ioc.loader.annotation.AnnotationIocLoader.addClass(AnnotationIocLoader.java:98) -    > add 'userModule                              ' - net.wendal.nutzbook.core.module.UserModule
2018-04-23 00:00:06,209 INFO  org.nutz.ioc.loader.annotation.AnnotationIocLoader.addClass(AnnotationIocLoader.java:98) -    > add 'todayYYYYMMDDJob                        ' - net.wendal.nutzbook.core.quartz.job.TodayYYYYMMDDJob
2018-04-23 00:00:06,212 INFO  org.nutz.ioc.loader.annotation.AnnotationIocLoader.addClass(AnnotationIocLoader.java:98) -    > add 'appPushService                          ' - net.wendal.nutzbook.core.service.impl.AppPushServiceImpl
2018-04-23 00:00:06,222 INFO  org.nutz.ioc.loader.annotation.AnnotationIocLoader.addClass(AnnotationIocLoader.java:98) -    > add 'authorityService                        ' - net.wendal.nutzbook.core.service.impl.AuthorityServiceImpl
2018-04-23 00:00:06,223 INFO  org.nutz.ioc.loader.annotation.AnnotationIocLoader.addClass(AnnotationIocLoader.java:98) -    > add 'configureService                        ' - net.wendal.nutzbook.core.service.impl.ConfigureServiceImpl
2018-04-23 00:00:06,224 INFO  org.nutz.ioc.loader.annotation.AnnotationIocLoader.addClass(AnnotationIocLoader.java:98) -    > add 'emailService                            ' - net.wendal.nutzbook.core.service.impl.EmailServiceImpl
2018-04-23 00:00:06,226 INFO  org.nutz.ioc.loader.annotation.AnnotationIocLoader.addClass(AnnotationIocLoader.java:98) -    > add 'jvmJsService                            ' - net.wendal.nutzbook.core.service.impl.JvmJsServiceImpl
2018-04-23 00:00:06,227 INFO  org.nutz.ioc.loader.annotation.AnnotationIocLoader.addClass(AnnotationIocLoader.java:98) -    > add 'userService                             ' - net.wendal.nutzbook.core.service.impl.UserServiceImpl
2018-04-23 00:00:06,234 INFO  org.nutz.ioc.loader.annotation.AnnotationIocLoader.addClass(AnnotationIocLoader.java:98) -    > add 'redisDao                                ' - net.wendal.nutzbook.core.service.RedisDao
2018-04-23 00:00:06,234 INFO  org.nutz.ioc.loader.annotation.AnnotationIocLoader.addClass(AnnotationIocLoader.java:98) -    > add 'nutzbookWebsocket                       ' - net.wendal.nutzbook.core.websocket.NutzbookWebsocket
2018-04-23 00:00:06,236 INFO  org.nutz.mvc.impl.NutLoading.evalUrlMapping(NutLoading.java:159) - Build URL mapping by org.nutz.plugins.apidoc.ApidocUrlMapping ...
2018-04-23 00:00:06,237 DEBUG org.nutz.mvc.impl.Loadings.scanModules(Loadings.java:155) - module class location 'file:/D:/OftenSoft/Maven/m2/repo/net/wendal/nutzcn/nutzcn-core/3.1.0/nutzcn-core-3.1.0.jar'
2018-04-23 00:00:06,238 DEBUG org.nutz.mvc.impl.Loadings.scanModuleInPackage(Loadings.java:185) -  > scan 'net.wendal.nutzbook.core'
2018-04-23 00:00:06,246 DEBUG org.nutz.resource.Scans.scan(Scans.java:280) - Found 47 resource by src( net/wendal/nutzbook/core/ ) , regex( ^.+[.]class$ )
2018-04-23 00:00:06,249 DEBUG org.nutz.ioc.impl.NutIoc.get(NutIoc.java:165) - Get 'conf'<class org.nutz.ioc.impl.PropertiesProxy>
2018-04-23 00:00:06,249 DEBUG org.nutz.ioc.impl.NutIoc.get(NutIoc.java:191) - 	 >> Load definition name=conf
2018-04-23 00:00:06,249 DEBUG org.nutz.ioc.loader.combo.ComboIocLoader.printFoundIocBean(ComboIocLoader.java:226) - Found IocObject(conf) in HotplugIocLoader@1877715906
2018-04-23 00:00:06,250 DEBUG org.nutz.ioc.impl.NutIoc.get(NutIoc.java:222) - 	 >> Make...'conf'<class org.nutz.ioc.impl.PropertiesProxy>
2018-04-23 00:00:06,251 DEBUG org.nutz.ioc.impl.ScopeContext.save(ScopeContext.java:64) - Save object 'conf' to [app] 
2018-04-23 00:00:06,254 DEBUG org.nutz.ioc.aop.impl.DefaultMirrorFactory.getMirror(DefaultMirrorFactory.java:76) - Load class org.nutz.ioc.impl.PropertiesProxy without AOP
2018-04-23 00:00:06,254 DEBUG org.nutz.ioc.impl.NutIoc.get(NutIoc.java:165) - Get 'coreIocBeanFactory'<>
2018-04-23 00:00:06,255 DEBUG org.nutz.ioc.impl.NutIoc.get(NutIoc.java:191) - 	 >> Load definition name=coreIocBeanFactory
2018-04-23 00:00:06,255 DEBUG org.nutz.ioc.loader.combo.ComboIocLoader.printFoundIocBean(ComboIocLoader.java:226) - Found IocObject(coreIocBeanFactory) in HotplugIocLoader@1877715906
2018-04-23 00:00:06,256 DEBUG org.nutz.ioc.impl.NutIoc.get(NutIoc.java:222) - 	 >> Make...'coreIocBeanFactory'<>
2018-04-23 00:00:06,256 DEBUG org.nutz.ioc.impl.ScopeContext.save(ScopeContext.java:64) - Save object 'coreIocBeanFactory' to [app] 
2018-04-23 00:00:06,257 DEBUG org.nutz.ioc.aop.impl.DefaultMirrorFactory.getMirror(DefaultMirrorFactory.java:76) - Load class net.wendal.nutzbook.core.ioc.CoreIocBeanFactory without AOP
2018-04-23 00:00:06,271 DEBUG org.nutz.mvc.impl.Loadings.checkModule(Loadings.java:204) -    >> add 'net.wendal.nutzbook.core.module.AuthorityModule'
2018-04-23 00:00:06,271 DEBUG org.nutz.mvc.impl.Loadings.checkModule(Loadings.java:204) -    >> add 'net.wendal.nutzbook.core.module.CaptchaModule'
2018-04-23 00:00:06,272 DEBUG org.nutz.mvc.impl.Loadings.checkModule(Loadings.java:204) -    >> add 'net.wendal.nutzbook.core.module.ConfigureModule'
2018-04-23 00:00:06,272 DEBUG org.nutz.mvc.impl.Loadings.checkModule(Loadings.java:204) -    >> add 'net.wendal.nutzbook.core.module.HotplugModule'
2018-04-23 00:00:06,273 DEBUG org.nutz.resource.Scans.scan(Scans.java:280) - Found 19 resource by src( custom/ ) , regex( ^.+[.]properties$ )
2018-04-23 00:00:06,273 DEBUG org.nutz.mvc.impl.Loadings.checkModule(Loadings.java:204) -    >> add 'net.wendal.nutzbook.core.module.PageModule'
2018-04-23 00:00:06,273 DEBUG org.nutz.ioc.impl.PropertiesProxy.setPaths(PropertiesProxy.java:114) - load properties from jar:file:/D:/OftenSoft/Maven/m2/repo/net/wendal/nutzcn/nutzcn-core/3.1.0/nutzcn-core-3.1.0.jar!/custom/bc.properties
2018-04-23 00:00:06,273 DEBUG org.nutz.mvc.impl.Loadings.checkModule(Loadings.java:204) -    >> add 'net.wendal.nutzbook.core.module.SlogModule'
2018-04-23 00:00:06,274 DEBUG org.nutz.mvc.impl.Loadings.checkModule(Loadings.java:204) -    >> add 'net.wendal.nutzbook.core.module.UserModule'
2018-04-23 00:00:06,275 DEBUG org.nutz.ioc.impl.PropertiesProxy.setPaths(PropertiesProxy.java:114) - load properties from jar:file:/D:/OftenSoft/Maven/m2/repo/net/wendal/nutzcn/nutzcn-core/3.1.0/nutzcn-core-3.1.0.jar!/custom/cron.properties
2018-04-23 00:00:06,276 DEBUG org.nutz.ioc.impl.PropertiesProxy.setPaths(PropertiesProxy.java:114) - load properties from jar:file:/D:/OftenSoft/Maven/m2/repo/net/wendal/nutzcn/nutzcn-core/3.1.0/nutzcn-core-3.1.0.jar!/custom/daocache.properties
2018-04-23 00:00:06,277 DEBUG org.nutz.ioc.impl.PropertiesProxy.setPaths(PropertiesProxy.java:114) - load properties from jar:file:/D:/OftenSoft/Maven/m2/repo/net/wendal/nutzcn/nutzcn-core/3.1.0/nutzcn-core-3.1.0.jar!/custom/db.properties
2018-04-23 00:00:06,278 DEBUG org.nutz.ioc.impl.PropertiesProxy.setPaths(PropertiesProxy.java:114) - load properties from jar:file:/D:/OftenSoft/Maven/m2/repo/net/wendal/nutzcn/nutzcn-core/3.1.0/nutzcn-core-3.1.0.jar!/custom/jpush.properties
2018-04-23 00:00:06,278 DEBUG org.nutz.ioc.impl.PropertiesProxy.setPaths(PropertiesProxy.java:114) - load properties from jar:file:/D:/OftenSoft/Maven/m2/repo/net/wendal/nutzcn/nutzcn-core/3.1.0/nutzcn-core-3.1.0.jar!/custom/mail.properties
2018-04-23 00:00:06,279 DEBUG org.nutz.ioc.impl.PropertiesProxy.setPaths(PropertiesProxy.java:114) - load properties from jar:file:/D:/OftenSoft/Maven/m2/repo/net/wendal/nutzcn/nutzcn-core/3.1.0/nutzcn-core-3.1.0.jar!/custom/ngrok.properties
2018-04-23 00:00:06,280 DEBUG org.nutz.ioc.impl.PropertiesProxy.setPaths(PropertiesProxy.java:114) - load properties from jar:file:/D:/OftenSoft/Maven/m2/repo/net/wendal/nutzcn/nutzcn-core/3.1.0/nutzcn-core-3.1.0.jar!/custom/oauth.properties
2018-04-23 00:00:06,283 DEBUG org.nutz.mvc.impl.NutLoading.evalUrlMapping(NutLoading.java:196) - Use org.nutz.mvc.impl.NutEntryDeterminer as EntryMethodDeterminer
2018-04-23 00:00:06,281 DEBUG org.nutz.ioc.impl.PropertiesProxy.setPaths(PropertiesProxy.java:114) - load properties from jar:file:/D:/OftenSoft/Maven/m2/repo/net/wendal/nutzcn/nutzcn-core/3.1.0/nutzcn-core-3.1.0.jar!/custom/qiniu.properties
2018-04-23 00:00:06,293 DEBUG org.nutz.ioc.impl.PropertiesProxy.setPaths(PropertiesProxy.java:114) - load properties from jar:file:/D:/OftenSoft/Maven/m2/repo/net/wendal/nutzcn/nutzcn-core/3.1.0/nutzcn-core-3.1.0.jar!/custom/qqbot.properties
2018-04-23 00:00:06,294 DEBUG org.nutz.ioc.impl.PropertiesProxy.setPaths(PropertiesProxy.java:114) - load properties from jar:file:/D:/OftenSoft/Maven/m2/repo/net/wendal/nutzcn/nutzcn-core/3.1.0/nutzcn-core-3.1.0.jar!/custom/redis.properties
2018-04-23 00:00:06,295 DEBUG org.nutz.ioc.impl.PropertiesProxy.setPaths(PropertiesProxy.java:114) - load properties from jar:file:/D:/OftenSoft/Maven/m2/repo/net/wendal/nutzcn/nutzcn-core/3.1.0/nutzcn-core-3.1.0.jar!/custom/shortit.properties
2018-04-23 00:00:06,296 DEBUG org.nutz.ioc.impl.PropertiesProxy.setPaths(PropertiesProxy.java:114) - load properties from jar:file:/D:/OftenSoft/Maven/m2/repo/net/wendal/nutzcn/nutzcn-core/3.1.0/nutzcn-core-3.1.0.jar!/custom/topic.properties
2018-04-23 00:00:06,297 DEBUG org.nutz.ioc.impl.PropertiesProxy.setPaths(PropertiesProxy.java:114) - load properties from jar:file:/D:/OftenSoft/Maven/m2/repo/net/wendal/nutzcn/nutzcn-core/3.1.0/nutzcn-core-3.1.0.jar!/custom/webhook.properties
2018-04-23 00:00:06,298 DEBUG org.nutz.ioc.impl.PropertiesProxy.setPaths(PropertiesProxy.java:114) - load properties from jar:file:/D:/OftenSoft/Maven/m2/repo/net/wendal/nutzcn/nutzcn-core/3.1.0/nutzcn-core-3.1.0.jar!/custom/website.properties
2018-04-23 00:00:06,299 DEBUG org.nutz.ioc.impl.PropertiesProxy.setPaths(PropertiesProxy.java:114) - load properties from jar:file:/D:/OftenSoft/Maven/m2/repo/net/wendal/nutzcn/nutzcn-core/3.1.0/nutzcn-core-3.1.0.jar!/custom/weixin.properties
2018-04-23 00:00:06,300 DEBUG org.nutz.ioc.impl.PropertiesProxy.setPaths(PropertiesProxy.java:114) - load properties from jar:file:/D:/OftenSoft/Maven/m2/repo/net/wendal/nutzcn/nutzcn-core/3.1.0/nutzcn-core-3.1.0.jar!/custom/xmpush.properties
2018-04-23 00:00:06,301 DEBUG org.nutz.ioc.impl.PropertiesProxy.setPaths(PropertiesProxy.java:114) - load properties from jar:file:/D:/OftenSoft/Maven/m2/repo/net/wendal/nutzcn/nutzcn-core/3.1.0/nutzcn-core-3.1.0.jar!/custom/yvr.properties
2018-04-23 00:00:06,302 DEBUG org.nutz.ioc.impl.PropertiesProxy.setPaths(PropertiesProxy.java:114) - load properties from jar:file:/D:/OftenSoft/Maven/m2/repo/net/wendal/nutzcn/nutzcn-core/3.1.0/nutzcn-core-3.1.0.jar!/custom/cdn.properties
2018-04-23 00:00:06,303 INFO  org.nutz.plugins.cache.impl.lcache.LCacheManager.run(LCacheManager.java:74) - JedisAgent is Ready ...
2018-04-23 00:00:06,304 DEBUG org.nutz.plugins.cache.impl.lcache.LCacheManager.run(LCacheManager.java:78) - psubscribe LCache:*
2018-04-23 00:00:06,304 DEBUG org.nutz.ioc.impl.NutIoc.get(NutIoc.java:165) - Get 'jedisPool'<class redis.clients.util.Pool>
2018-04-23 00:00:06,305 DEBUG org.nutz.ioc.impl.NutIoc.get(NutIoc.java:191) - 	 >> Load definition name=jedisPool
2018-04-23 00:00:06,306 DEBUG org.nutz.ioc.loader.combo.ComboIocLoader.printFoundIocBean(ComboIocLoader.java:226) - Found IocObject(jedisPool) in JsonLoader(paths=[org/nutz/integration/jedis/jedis.js])
2018-04-23 00:00:06,306 DEBUG org.nutz.ioc.impl.NutIoc.get(NutIoc.java:222) - 	 >> Make...'jedisPool'<class redis.clients.util.Pool>
2018-04-23 00:00:06,306 DEBUG org.nutz.ioc.impl.ScopeContext.save(ScopeContext.java:64) - Save object 'jedisPool' to [app] 
2018-04-23 00:00:06,325 DEBUG org.nutz.ioc.impl.NutIoc.get(NutIoc.java:165) - Get 'jedisPoolConfig'<>
2018-04-23 00:00:06,326 DEBUG org.nutz.ioc.impl.NutIoc.get(NutIoc.java:191) - 	 >> Load definition name=jedisPoolConfig
2018-04-23 00:00:06,326 DEBUG org.nutz.ioc.loader.combo.ComboIocLoader.printFoundIocBean(ComboIocLoader.java:226) - Found IocObject(jedisPoolConfig) in JsonLoader(paths=[org/nutz/integration/jedis/jedis.js])
2018-04-23 00:00:06,327 DEBUG org.nutz.ioc.impl.NutIoc.get(NutIoc.java:222) - 	 >> Make...'jedisPoolConfig'<>
2018-04-23 00:00:06,327 DEBUG org.nutz.ioc.impl.ScopeContext.save(ScopeContext.java:64) - Save object 'jedisPoolConfig' to [app] 
2018-04-23 00:00:06,330 DEBUG org.nutz.ioc.aop.impl.DefaultMirrorFactory.getMirror(DefaultMirrorFactory.java:76) - Load class redis.clients.jedis.JedisPoolConfig without AOP
2018-04-23 00:00:06,402 DEBUG org.nutz.mvc.impl.UrlMappingImpl.print(UrlMappingImpl.java:146) -    '/admin/authority/permissions' >> (AuthorityModule.java:77).permissions : Object     | @Ok(json ) @Fail(null ) | by 0 Filters | (I:UTF-8/O:UTF-8)
2018-04-23 00:00:06,405 DEBUG org.nutz.mvc.impl.UrlMappingImpl.print(UrlMappingImpl.java:146) -    '/admin/authority/roles'    >> (AuthorityModule.java:67).roles       : Object     | @Ok(json ) @Fail(null ) | by 0 Filters | (I:UTF-8/O:UTF-8)
2018-04-23 00:00:06,416 DEBUG org.nutz.ioc.impl.NutIoc.get(NutIoc.java:165) - Get 'conf'<>
2018-04-23 00:00:06,422 DEBUG org.nutz.ioc.impl.NutIoc.get(NutIoc.java:165) - Get 'conf'<>
2018-04-23 00:00:06,422 DEBUG org.nutz.ioc.impl.NutIoc.get(NutIoc.java:165) - Get 'conf'<>
2018-04-23 00:00:06,423 DEBUG org.nutz.ioc.impl.NutIoc.get(NutIoc.java:165) - Get 'conf'<>
2018-04-23 00:00:06,423 DEBUG org.nutz.ioc.impl.NutIoc.get(NutIoc.java:165) - Get 'conf'<>
2018-04-23 00:00:06,424 DEBUG org.nutz.ioc.impl.NutIoc.get(NutIoc.java:165) - Get 'conf'<>
2018-04-23 00:00:06,426 DEBUG org.nutz.ioc.aop.impl.DefaultMirrorFactory.getMirror(DefaultMirrorFactory.java:76) - Load class redis.clients.jedis.JedisPool without AOP
2018-04-23 00:00:06,429 DEBUG org.nutz.ioc.impl.NutIoc.get(NutIoc.java:165) - Get 'jedisPoolConfig'<>
2018-04-23 00:00:06,429 DEBUG org.nutz.ioc.impl.NutIoc.get(NutIoc.java:165) - Get 'conf'<>
2018-04-23 00:00:06,430 DEBUG org.nutz.ioc.impl.NutIoc.get(NutIoc.java:165) - Get 'conf'<>
2018-04-23 00:00:06,430 DEBUG org.nutz.ioc.impl.NutIoc.get(NutIoc.java:165) - Get 'conf'<>
2018-04-23 00:00:06,431 DEBUG org.nutz.ioc.impl.NutIoc.get(NutIoc.java:165) - Get 'conf'<>
2018-04-23 00:00:06,434 DEBUG org.nutz.ioc.impl.NutIoc.get(NutIoc.java:165) - Get 'conf'<>
2018-04-23 00:00:06,435 DEBUG org.nutz.mvc.impl.UrlMappingImpl.print(UrlMappingImpl.java:146) -    '/admin/authority/role/add' >> (AuthorityModule.java:219).addRole    : Object     | @Ok(json:full) @Fail(null ) | by 0 Filters | (I:UTF-8/O:UTF-8)
2018-04-23 00:00:06,567 DEBUG org.nutz.mvc.impl.UrlMappingImpl.print(UrlMappingImpl.java:146) -    '/admin/authority/users'    >> (AuthorityModule.java:57).users       : Object     | @Ok(json:{locked:'password|salt',ignoreNull:true}) @Fail(null ) | by 0 Filters | (I:UTF-8/O:UTF-8)
2018-04-23 00:00:06,570 DEBUG org.nutz.mvc.impl.UrlMappingImpl.print(UrlMappingImpl.java:146) -    '/admin/authority/user/fetch/permission' >> (AuthorityModule.java:178).fetchUserPermissions : Object     | @Ok(json ) @Fail(null ) | by 0 Filters | (I:UTF-8/O:UTF-8)
2018-04-23 00:00:06,573 DEBUG org.nutz.mvc.impl.UrlMappingImpl.print(UrlMappingImpl.java:146) -    '/admin/authority/role/fetch' >> (AuthorityModule.java:289).fetchRolePermissions : Object     | @Ok(json ) @Fail(null ) | by 0 Filters | (I:UTF-8/O:UTF-8)
2018-04-23 00:00:06,581 DEBUG org.nutz.mvc.impl.UrlMappingImpl.print(UrlMappingImpl.java:146) -    '/admin/authority/user/add' >> (AuthorityModule.java:88).addUser     : Object     | @Ok(json ) @Fail(null ) | by 0 Filters | (I:UTF-8/O:UTF-8)
2018-04-23 00:00:06,583 DEBUG org.nutz.mvc.impl.UrlMappingImpl.print(UrlMappingImpl.java:146) -    '/admin/authority/user/update/password' >> (AuthorityModule.java:103).updatePassword : Object     | @Ok(json ) @Fail(null ) | by 0 Filters | (I:UTF-8/O:UTF-8)
2018-04-23 00:00:06,586 DEBUG org.nutz.mvc.impl.UrlMappingImpl.print(UrlMappingImpl.java:146) -    '/admin/authority/user/delete' >> (AuthorityModule.java:114).userDelete : Object     | @Ok(json:full) @Fail(null ) | by 0 Filters | (I:UTF-8/O:UTF-8)
2018-04-23 00:00:06,594 DEBUG org.nutz.mvc.impl.UrlMappingImpl.print(UrlMappingImpl.java:146) -    '/admin/authority/user/update' >> (AuthorityModule.java:134).updateUser : void       | @Ok(json:full) @Fail(null ) | by 0 Filters | (I:UTF-8/O:UTF-8)
2018-04-23 00:00:06,610 DEBUG org.nutz.mvc.impl.UrlMappingImpl.print(UrlMappingImpl.java:146) -    '/admin/authority/user/fetch/role' >> (AuthorityModule.java:197).fetchUserRoles : Object     | @Ok(json ) @Fail(null ) | by 0 Filters | (I:UTF-8/O:UTF-8)
2018-04-23 00:00:06,613 DEBUG org.nutz.mvc.impl.UrlMappingImpl.print(UrlMappingImpl.java:146) -    '/admin/authority/role/delete' >> (AuthorityModule.java:233).delRole    : Object     | @Ok(json:full) @Fail(null ) | by 0 Filters | (I:UTF-8/O:UTF-8)
2018-04-23 00:00:06,615 DEBUG org.nutz.mvc.impl.UrlMappingImpl.print(UrlMappingImpl.java:146) -    '/admin/authority/role/update' >> (AuthorityModule.java:254).updateRole : Object     | @Ok(json:full) @Fail(null ) | by 0 Filters | (I:UTF-8/O:UTF-8)
2018-04-23 00:00:06,618 DEBUG org.nutz.mvc.impl.UrlMappingImpl.print(UrlMappingImpl.java:146) -    '/admin/authority/permission/add' >> (AuthorityModule.java:311).addPermission : Object     | @Ok(json:full) @Fail(null ) | by 0 Filters | (I:UTF-8/O:UTF-8)
2018-04-23 00:00:06,620 DEBUG org.nutz.mvc.impl.UrlMappingImpl.print(UrlMappingImpl.java:146) -    '/admin/authority/permission/delete' >> (AuthorityModule.java:326).delPermission : Object     | @Ok(json:full) @Fail(null ) | by 0 Filters | (I:UTF-8/O:UTF-8)
2018-04-23 00:00:06,622 DEBUG org.nutz.mvc.impl.UrlMappingImpl.print(UrlMappingImpl.java:146) -    '/admin/authority/permission/update' >> (AuthorityModule.java:340).updatePermission : Object     | @Ok(json:full) @Fail(null ) | by 0 Filters | (I:UTF-8/O:UTF-8)
2018-04-23 00:00:06,625 DEBUG org.nutz.mvc.impl.UrlMappingImpl.print(UrlMappingImpl.java:146) -    '/admin/hotplug/disable'    >> (HotplugModule.java:79).disable       : NutMap     | @Ok(json ) @Fail(null ) | by 0 Filters | (I:UTF-8/O:UTF-8)
2018-04-23 00:00:06,627 DEBUG org.nutz.mvc.impl.UrlMappingImpl.print(UrlMappingImpl.java:146) -    '/admin/hotplug/enable'     >> (HotplugModule.java:88).enable        : NutMap     | @Ok(json ) @Fail(null ) | by 0 Filters | (I:UTF-8/O:UTF-8)
2018-04-23 00:00:06,654 INFO  org.nutz.filepool.NutFilePool.<init>(NutFilePool.java:25) - Init file-pool by: E:/JAVA_OK/nutz-book-project-3.x/nutzcn-webapp/src/main/webapp/WEB-INF/tmp/hotplug [2000]
2018-04-23 00:00:06,654 DEBUG org.nutz.filepool.NutFilePool.<init>(NutFilePool.java:39) - file-pool.home: 'E:\JAVA_OK\nutz-book-project-3.x\nutzcn-webapp\src\main\webapp\WEB-INF\tmp\hotplug'
2018-04-23 00:00:06,655 INFO  org.nutz.filepool.NutFilePool.<init>(NutFilePool.java:68) - file-pool.cursor: 0
2018-04-23 00:00:06,658 DEBUG org.nutz.mvc.impl.UrlMappingImpl.print(UrlMappingImpl.java:146) -    '/admin/hotplug/add'        >> (HotplugModule.java:70).add           : NutMap     | @Ok(json ) @Fail(null ) | by 0 Filters | (I:UTF-8/O:UTF-8)
2018-04-23 00:00:06,660 DEBUG org.nutz.mvc.impl.UrlMappingImpl.print(UrlMappingImpl.java:146) -    '/admin/hotplug/delete'     >> (HotplugModule.java:102).delete       : NutMap     | @Ok(json ) @Fail(null ) | by 0 Filters | (I:UTF-8/O:UTF-8)
2018-04-23 00:00:06,662 DEBUG org.nutz.mvc.impl.UrlMappingImpl.print(UrlMappingImpl.java:146) -    '/admin/hotplug/list'       >> (HotplugModule.java:44).list          : Object     | @Ok(json ) @Fail(null ) | by 0 Filters | (I:UTF-8/O:UTF-8)
2018-04-23 00:00:06,681 DEBUG org.nutz.mvc.impl.UrlMappingImpl.print(UrlMappingImpl.java:146) -    '/', '/index'               >> (PageModule.java:22).index            : String     | @Ok(->:${obj}) @Fail(null ) | by 0 Filters | (I:UTF-8/O:UTF-8)
2018-04-23 00:00:06,684 DEBUG org.nutz.mvc.impl.UrlMappingImpl.print(UrlMappingImpl.java:146) -    '/user/login'               >> (PageModule.java:29).login            : String     | @Ok(->:${obj}) @Fail(null ) | by 0 Filters | (I:UTF-8/O:UTF-8)
2018-04-23 00:00:06,696 DEBUG org.nutz.mvc.impl.UrlMappingImpl.print(UrlMappingImpl.java:146) -    '/user/profile'             >> (UserModule.java:104).getProfile      : Object     | @Ok(json:full) @Fail(http:500) | by 0 Filters | (I:UTF-8/O:UTF-8)
2018-04-23 00:00:06,705 DEBUG org.nutz.mvc.impl.UrlMappingImpl.print(UrlMappingImpl.java:146) -    '/user/avatar/me'           >> (UserModule.java:89).userAvatar       : byte[]     | @Ok(raw:jpg) @Fail(http:500) | by 0 Filters | (I:UTF-8/O:UTF-8)
2018-04-23 00:00:06,712 DEBUG org.nutz.mvc.impl.UrlMappingImpl.print(UrlMappingImpl.java:146) -    '/user/profile'             >> (UserModule.java:113).updateProfile   : Object     | @Ok(json:full) @Fail(http:500) | by 0 Filters | (I:UTF-8/O:UTF-8)
2018-04-23 00:00:06,721 DEBUG org.nutz.mvc.impl.UrlMappingImpl.print(UrlMappingImpl.java:146) -    '/user/login'               >> (UserModule.java:47).login            : Object     | @Ok(json ) @Fail(http:500) | by 0 Filters | (I:UTF-8/O:UTF-8)
2018-04-23 00:00:06,725 DEBUG org.nutz.mvc.impl.UrlMappingImpl.print(UrlMappingImpl.java:146) -    '/admin/slog/list'          >> (SlogModule.java:33).list             : Object     | @Ok(json:full) @Fail(null ) | by 0 Filters | (I:UTF-8/O:UTF-8)
2018-04-23 00:00:06,729 DEBUG org.nutz.mvc.impl.UrlMappingImpl.print(UrlMappingImpl.java:146) -    '/captcha/next'             >> (CaptchaModule.java:25).next          : BufferedImage | @Ok(raw:png) @Fail(null ) | by 0 Filters | (I:UTF-8/O:UTF-8)
2018-04-23 00:00:06,733 DEBUG org.nutz.mvc.impl.UrlMappingImpl.print(UrlMappingImpl.java:146) -    '/admin/config/list'        >> (ConfigureModule.java:66).list        : Object     | @Ok(json ) @Fail(null ) | by 0 Filters | (I:UTF-8/O:UTF-8)
2018-04-23 00:00:06,736 DEBUG org.nutz.mvc.impl.UrlMappingImpl.print(UrlMappingImpl.java:146) -    '/admin/config/save'        >> (ConfigureModule.java:52).save        : Object     | @Ok(json ) @Fail(null ) | by 0 Filters | (I:UTF-8/O:UTF-8)
2018-04-23 00:00:06,737 INFO  org.nutz.mvc.impl.NutLoading.evalUrlMapping(NutLoading.java:221) - Found 31 module methods
2018-04-23 00:00:06,745 ERROR net.wendal.nutzbook.core.CoreMainSetup.init(CoreMainSetup.java:65) - This project must run in UTF-8, pls add -Dfile.encoding=UTF-8 to JAVA_OPTS
2018-04-23 00:00:06,745 ERROR net.wendal.nutzbook.core.CoreMainSetup.init(CoreMainSetup.java:69) - log4j2 jmx will case reload memory leak! pls add -Dlog4j2.disable.jmx=true to JAVA_OPTS
2018-04-23 00:00:06,746 DEBUG org.nutz.ioc.impl.NutIoc.get(NutIoc.java:165) - Get 'dao'<interface org.nutz.dao.Dao>
2018-04-23 00:00:06,746 DEBUG org.nutz.ioc.impl.NutIoc.get(NutIoc.java:191) - 	 >> Load definition name=dao
2018-04-23 00:00:06,747 DEBUG org.nutz.ioc.loader.combo.ComboIocLoader.printFoundIocBean(ComboIocLoader.java:226) - Found IocObject(dao) in HotplugIocLoader@1877715906
2018-04-23 00:00:06,747 DEBUG org.nutz.ioc.impl.NutIoc.get(NutIoc.java:222) - 	 >> Make...'dao'<interface org.nutz.dao.Dao>
2018-04-23 00:00:06,748 DEBUG org.nutz.ioc.impl.ScopeContext.save(ScopeContext.java:64) - Save object 'dao' to [app] 
2018-04-23 00:00:06,751 DEBUG org.nutz.ioc.impl.NutIoc.get(NutIoc.java:165) - Get 'dataSource'<interface javax.sql.DataSource>
2018-04-23 00:00:06,752 DEBUG org.nutz.ioc.impl.NutIoc.get(NutIoc.java:191) - 	 >> Load definition name=dataSource
2018-04-23 00:00:06,752 DEBUG org.nutz.ioc.loader.combo.ComboIocLoader.printFoundIocBean(ComboIocLoader.java:226) - Found IocObject(dataSource) in HotplugIocLoader@1877715906
2018-04-23 00:00:06,753 DEBUG org.nutz.ioc.impl.NutIoc.get(NutIoc.java:222) - 	 >> Make...'dataSource'<interface javax.sql.DataSource>
2018-04-23 00:00:06,753 DEBUG org.nutz.ioc.impl.ScopeContext.save(ScopeContext.java:64) - Save object 'dataSource' to [app] 
2018-04-23 00:00:06,754 DEBUG org.nutz.ioc.impl.NutIoc.get(NutIoc.java:165) - Get 'conf'<class org.nutz.ioc.impl.PropertiesProxy>
2018-04-23 00:00:06,793 DEBUG org.nutz.ioc.aop.impl.DefaultMirrorFactory.getMirror(DefaultMirrorFactory.java:76) - Load class com.alibaba.druid.pool.DruidDataSource without AOP
2018-04-23 00:00:06,794 DEBUG org.nutz.ioc.impl.NutIoc.get(NutIoc.java:165) - Get 'conf'<class org.nutz.ioc.impl.PropertiesProxy>
2018-04-23 00:00:06,795 DEBUG org.nutz.ioc.impl.NutIoc.get(NutIoc.java:165) - Get 'coreIocBeanFactory'<>
2018-04-23 00:00:07,240 INFO  com.alibaba.druid.pool.DruidDataSource.init(DruidDataSource.java:715) - {dataSource-1} inited
2018-04-23 00:00:07,241 DEBUG org.nutz.ioc.impl.NutIoc.get(NutIoc.java:165) - Get 'cacheManager'<class net.sf.ehcache.CacheManager>
2018-04-23 00:00:07,242 DEBUG org.nutz.ioc.impl.NutIoc.get(NutIoc.java:191) - 	 >> Load definition name=cacheManager
2018-04-23 00:00:07,242 DEBUG org.nutz.ioc.loader.combo.ComboIocLoader.printFoundIocBean(ComboIocLoader.java:226) - Found IocObject(cacheManager) in HotplugIocLoader@1877715906
2018-04-23 00:00:07,243 DEBUG org.nutz.ioc.impl.NutIoc.get(NutIoc.java:222) - 	 >> Make...'cacheManager'<class net.sf.ehcache.CacheManager>
2018-04-23 00:00:07,243 DEBUG org.nutz.ioc.impl.ScopeContext.save(ScopeContext.java:64) - Save object 'cacheManager' to [app] 
2018-04-23 00:00:07,243 DEBUG org.nutz.ioc.impl.NutIoc.get(NutIoc.java:165) - Get 'conf'<class org.nutz.ioc.impl.PropertiesProxy>
2018-04-23 00:00:07,247 DEBUG org.nutz.ioc.aop.impl.DefaultMirrorFactory.getMirror(DefaultMirrorFactory.java:76) - Load class net.sf.ehcache.CacheManager without AOP
2018-04-23 00:00:07,249 DEBUG org.nutz.ioc.impl.NutIoc.get(NutIoc.java:165) - Get 'conf'<class org.nutz.ioc.impl.PropertiesProxy>
2018-04-23 00:00:07,250 DEBUG org.nutz.ioc.impl.NutIoc.get(NutIoc.java:165) - Get 'coreIocBeanFactory'<>
2018-04-23 00:00:07,251 DEBUG org.nutz.ioc.impl.NutIoc.get(NutIoc.java:165) - Get 'conf'<class org.nutz.ioc.impl.PropertiesProxy>
2018-04-23 00:00:07,251 DEBUG org.nutz.ioc.impl.NutIoc.get(NutIoc.java:165) - Get 'dataSource'<interface javax.sql.DataSource>
2018-04-23 00:00:07,252 DEBUG org.nutz.ioc.impl.NutIoc.get(NutIoc.java:165) - Get 'cacheManager'<class net.sf.ehcache.CacheManager>
2018-04-23 00:00:07,252 DEBUG org.nutz.ioc.impl.NutIoc.get(NutIoc.java:165) - Get 'conf'<class org.nutz.ioc.impl.PropertiesProxy>
2018-04-23 00:00:07,253 DEBUG org.nutz.ioc.impl.NutIoc.get(NutIoc.java:165) - Get 'coreIocBeanFactory'<>
2018-04-23 00:00:07,479 DEBUG org.nutz.dao.jdbc.Jdbcs.<clinit>(Jdbcs.java:90) - Jdbcs init complete
2018-04-23 00:00:07,479 INFO  org.nutz.dao.jdbc.Jdbcs.getExpert(Jdbcs.java:103) - Get Connection from DataSource for JdbcExpert, if you lock at here, check your database server and configure
2018-04-23 00:00:07,986 DEBUG org.nutz.dao.impl.DaoSupport.setDataSource(DaoSupport.java:188) - select expert : org.nutz.dao.impl.jdbc.mysql.MysqlJdbcExpert
2018-04-23 00:00:07,995 DEBUG org.nutz.dao.impl.DaoSupport$1.invoke(DaoSupport.java:199) - JDBC Driver --> mysql-connector-java-5.1.41 ( Revision: 83c6dc41b96809df81444362933043b20a1d49d5 )
2018-04-23 00:00:07,996 DEBUG org.nutz.dao.impl.DaoSupport$1.invoke(DaoSupport.java:200) - JDBC Name   --> MySQL Connector Java
2018-04-23 00:00:07,996 DEBUG org.nutz.dao.impl.DaoSupport$1.invoke(DaoSupport.java:202) - JDBC URL    --> jdbc:mysql://127.0.0.1:3306/nutzbook
2018-04-23 00:00:08,137 DEBUG org.nutz.dao.impl.jdbc.mysql.MysqlJdbcExpert.checkDataSource(MysqlJdbcExpert.java:212) - Mysql : character_set_client=latin1
2018-04-23 00:00:08,137 DEBUG org.nutz.dao.impl.jdbc.mysql.MysqlJdbcExpert.checkDataSource(MysqlJdbcExpert.java:212) - Mysql : character_set_connection=latin1
2018-04-23 00:00:08,138 DEBUG org.nutz.dao.impl.jdbc.mysql.MysqlJdbcExpert.checkDataSource(MysqlJdbcExpert.java:212) - Mysql : character_set_database=latin1
2018-04-23 00:00:08,139 DEBUG org.nutz.dao.impl.jdbc.mysql.MysqlJdbcExpert.checkDataSource(MysqlJdbcExpert.java:212) - Mysql : character_set_filesystem=binary
2018-04-23 00:00:08,139 DEBUG org.nutz.dao.impl.jdbc.mysql.MysqlJdbcExpert.checkDataSource(MysqlJdbcExpert.java:212) - Mysql : character_set_results=
2018-04-23 00:00:08,140 DEBUG org.nutz.dao.impl.jdbc.mysql.MysqlJdbcExpert.checkDataSource(MysqlJdbcExpert.java:212) - Mysql : character_set_server=latin1
2018-04-23 00:00:08,140 DEBUG org.nutz.dao.impl.jdbc.mysql.MysqlJdbcExpert.checkDataSource(MysqlJdbcExpert.java:212) - Mysql : character_set_system=utf8
2018-04-23 00:00:08,141 DEBUG org.nutz.dao.impl.jdbc.mysql.MysqlJdbcExpert.checkDataSource(MysqlJdbcExpert.java:212) - Mysql : character_sets_dir=D:\OftenSoft\mysql-5.7.21-winx64\share\charsets\
2018-04-23 00:00:08,146 DEBUG org.nutz.dao.impl.jdbc.mysql.MysqlJdbcExpert.checkDataSource(MysqlJdbcExpert.java:219) - Mysql : binlog_format=ROW
2018-04-23 00:00:08,148 DEBUG org.nutz.dao.impl.jdbc.mysql.MysqlJdbcExpert.checkDataSource(MysqlJdbcExpert.java:226) - Mysql : database=nutzbook
2018-04-23 00:00:08,149 DEBUG org.nutz.dao.impl.jdbc.mysql.MysqlJdbcExpert.checkDataSource(MysqlJdbcExpert.java:232) - Mysql : user=root@localhost
2018-04-23 00:00:08,246 DEBUG org.nutz.dao.impl.DaoSupport.setDataSource(DaoSupport.java:221) - Database info --> MYSQL:[MySQL - 5.7.21]
2018-04-23 00:00:08,293 DEBUG org.nutz.ioc.impl.NutIoc.get(NutIoc.java:165) - Get 'conf'<class org.nutz.ioc.impl.PropertiesProxy>
2018-04-23 00:00:08,293 DEBUG org.nutz.ioc.impl.NutIoc.get(NutIoc.java:165) - Get 'configureService'<interface net.wendal.nutzbook.core.service.ConfigureService>
2018-04-23 00:00:08,293 DEBUG org.nutz.ioc.impl.NutIoc.get(NutIoc.java:191) - 	 >> Load definition name=configureService
2018-04-23 00:00:08,293 DEBUG org.nutz.ioc.loader.combo.ComboIocLoader.printFoundIocBean(ComboIocLoader.java:226) - Found IocObject(configureService) in HotplugIocLoader@1877715906
2018-04-23 00:00:08,294 DEBUG org.nutz.ioc.impl.NutIoc.get(NutIoc.java:222) - 	 >> Make...'configureService'<interface net.wendal.nutzbook.core.service.ConfigureService>
2018-04-23 00:00:08,294 DEBUG org.nutz.ioc.impl.ScopeContext.save(ScopeContext.java:64) - Save object 'configureService' to [app] 
2018-04-23 00:00:08,294 DEBUG org.nutz.ioc.aop.impl.DefaultMirrorFactory.getMirror(DefaultMirrorFactory.java:76) - Load class net.wendal.nutzbook.core.service.impl.ConfigureServiceImpl without AOP
2018-04-23 00:00:08,301 DEBUG org.nutz.ioc.impl.NutIoc.get(NutIoc.java:165) - Get 'conf'<class org.nutz.ioc.impl.PropertiesProxy>
2018-04-23 00:00:08,301 DEBUG org.nutz.ioc.impl.NutIoc.get(NutIoc.java:165) - Get 'dao'<interface org.nutz.dao.Dao>
2018-04-23 00:00:08,315 DEBUG org.nutz.dao.impl.sql.run.NutDaoExecutor.printSQL(NutDaoExecutor.java:388) - SELECT * FROM t_sys_configure 
2018-04-23 00:00:08,320 DEBUG org.nutz.dao.impl.interceptor.DaoTimeInterceptor.filter(DaoTimeInterceptor.java:28) - time=4ms, sql=SELECT * FROM t_sys_configure 
2018-04-23 00:00:08,321 DEBUG org.nutz.dao.impl.sql.run.NutDaoExecutor.printSQL(NutDaoExecutor.java:388) - SELECT * FROM t_sys_configure 
2018-04-23 00:00:08,323 DEBUG org.nutz.dao.impl.interceptor.DaoTimeInterceptor.filter(DaoTimeInterceptor.java:28) - time=1ms, sql=SELECT * FROM t_sys_configure 
2018-04-23 00:00:08,323 DEBUG org.nutz.ioc.impl.NutIoc.get(NutIoc.java:165) - Get 'jedisAgent'<class org.nutz.integration.jedis.JedisAgent>
2018-04-23 00:00:08,323 DEBUG org.nutz.ioc.impl.NutIoc.get(NutIoc.java:191) - 	 >> Load definition name=jedisAgent
2018-04-23 00:00:08,324 DEBUG org.nutz.ioc.loader.combo.ComboIocLoader.printFoundIocBean(ComboIocLoader.java:226) - Found IocObject(jedisAgent) in JsonLoader(paths=[org/nutz/integration/jedis/jedis.js])
2018-04-23 00:00:08,324 DEBUG org.nutz.ioc.impl.NutIoc.get(NutIoc.java:222) - 	 >> Make...'jedisAgent'<class org.nutz.integration.jedis.JedisAgent>
2018-04-23 00:00:08,324 DEBUG org.nutz.ioc.impl.ScopeContext.save(ScopeContext.java:64) - Save object 'jedisAgent' to [app] 
2018-04-23 00:00:08,325 DEBUG org.nutz.ioc.aop.impl.DefaultMirrorFactory.getMirror(DefaultMirrorFactory.java:76) - Load class org.nutz.integration.jedis.JedisAgent without AOP
2018-04-23 00:00:08,338 DEBUG org.nutz.ioc.impl.NutIoc.get(NutIoc.java:165) - Get 'conf'<>
2018-04-23 00:00:08,342 DEBUG org.nutz.resource.Scans.scan(Scans.java:280) - Found 47 resource by src( net/wendal/nutzbook/core/ ) , regex( ^.+[.]class$ )
2018-04-23 00:00:08,362 INFO  org.nutz.filepool.NutFilePool.<init>(NutFilePool.java:25) - Init file-pool by: C:\Users\Administrator/.nutz/tmp/dao/ [200000]
2018-04-23 00:00:08,363 DEBUG org.nutz.filepool.NutFilePool.<init>(NutFilePool.java:39) - file-pool.home: 'C:\Users\Administrator\.nutz\tmp\dao'
2018-04-23 00:00:08,364 INFO  org.nutz.filepool.NutFilePool.<init>(NutFilePool.java:68) - file-pool.cursor: 0
2018-04-23 00:00:08,465 DEBUG org.nutz.dao.impl.sql.run.NutDaoExecutor.printSQL(NutDaoExecutor.java:388) - alter table t_sys_configure modify column v varchar(1024)
2018-04-23 00:00:08,578 DEBUG org.nutz.dao.impl.interceptor.DaoTimeInterceptor.filter(DaoTimeInterceptor.java:28) - time=112ms, sql=alter table t_sys_configure modify column v varchar(1024)
2018-04-23 00:00:08,580 DEBUG org.nutz.resource.Scans.scan(Scans.java:280) - Found 1 resource by src( org/nutz/conf/NutzDefaultConfig.js ) , regex( \.(js|json)$ )
2018-04-23 00:00:08,586 DEBUG org.nutz.ioc.impl.NutIoc.get(NutIoc.java:165) - Get 'redisIdGenerator'<class net.wendal.nutzbook.core.ig.RedisIdGenerator>
2018-04-23 00:00:08,586 DEBUG org.nutz.ioc.impl.NutIoc.get(NutIoc.java:191) - 	 >> Load definition name=redisIdGenerator
2018-04-23 00:00:08,587 DEBUG org.nutz.ioc.loader.combo.ComboIocLoader.printFoundIocBean(ComboIocLoader.java:226) - Found IocObject(redisIdGenerator) in HotplugIocLoader@1877715906
2018-04-23 00:00:08,587 DEBUG org.nutz.ioc.impl.NutIoc.get(NutIoc.java:222) - 	 >> Make...'redisIdGenerator'<class net.wendal.nutzbook.core.ig.RedisIdGenerator>
2018-04-23 00:00:08,587 DEBUG org.nutz.ioc.impl.ScopeContext.save(ScopeContext.java:64) - Save object 'redisIdGenerator' to [app] 
2018-04-23 00:00:08,587 DEBUG org.nutz.ioc.aop.impl.DefaultMirrorFactory.getMirror(DefaultMirrorFactory.java:76) - Load class net.wendal.nutzbook.core.ig.RedisIdGenerator without AOP
2018-04-23 00:00:08,593 DEBUG org.nutz.ioc.impl.NutIoc.get(NutIoc.java:165) - Get 'jedisAgent'<class org.nutz.integration.jedis.JedisAgent>
2018-04-23 00:00:08,593 DEBUG org.nutz.ioc.impl.NutIoc.get(NutIoc.java:165) - Get 'jedisPool'<class redis.clients.util.Pool>
2018-04-23 00:00:08,600 DEBUG org.nutz.resource.Scans.scan(Scans.java:280) - Found 47 resource by src( net/wendal/nutzbook/core/ ) , regex( ^.+[.]class$ )
2018-04-23 00:00:08,603 DEBUG org.nutz.ioc.impl.NutIoc.get(NutIoc.java:165) - Get 'slogService'<class org.nutz.plugins.slog.service.SlogService>
2018-04-23 00:00:08,604 DEBUG org.nutz.ioc.impl.NutIoc.get(NutIoc.java:191) - 	 >> Load definition name=slogService
2018-04-23 00:00:08,604 DEBUG org.nutz.ioc.loader.combo.ComboIocLoader.printFoundIocBean(ComboIocLoader.java:226) - Found IocObject(slogService) in JsonLoader(paths=[org/nutz/plugins/slog/slog.js])
2018-04-23 00:00:08,605 DEBUG org.nutz.ioc.impl.NutIoc.get(NutIoc.java:222) - 	 >> Make...'slogService'<class org.nutz.plugins.slog.service.SlogService>
2018-04-23 00:00:08,605 DEBUG org.nutz.ioc.impl.ScopeContext.save(ScopeContext.java:64) - Save object 'slogService' to [app] 
2018-04-23 00:00:08,634 DEBUG org.nutz.ioc.impl.NutIoc.get(NutIoc.java:165) - Get 'dao'<>
2018-04-23 00:00:08,673 DEBUG org.nutz.plugins.cache.dao.CachedNutDaoExecutor.exec(CachedNutDaoExecutor.java:110) - Exception when parser SQL sql, skip cache detect!! SQL=RUN 
2018-04-23 00:00:08,674 DEBUG org.nutz.dao.impl.sql.run.NutDaoExecutor.printSQL(NutDaoExecutor.java:388) - // NOT SQL // ElFieldMacro=uuid()
2018-04-23 00:00:08,676 DEBUG org.nutz.dao.impl.interceptor.DaoTimeInterceptor.filter(DaoTimeInterceptor.java:28) - time=1ms, sql=RUN
2018-04-23 00:00:08,697 DEBUG org.nutz.dao.impl.sql.run.NutDaoExecutor.printSQL(NutDaoExecutor.java:388) - INSERT INTO t_syslog_201804(uu32,t,tg,src,u_id,u_name,ip,msg,ct) VALUES(?,?,?,?,?,?,?,?,?) 
    |                                1 |      2 |      3 |                                           4 | 5 | 6 |    7 |    8 |                   9 |
    |----------------------------------|--------|--------|---------------------------------------------|---|--|------|------|---------------------|
    | 264ce16b8adf4ac593edaa896dba2e0f | method | system | net.wendal.nutzbook.core.CoreMainSetup#init | 0 |  | NULL |  | 2018-04-23 00:00:08 |
  For example:> "INSERT INTO t_syslog_201804(uu32,t,tg,src,u_id,u_name,ip,msg,ct) VALUES('264ce16b8adf4ac593edaa896dba2e0f','method','system','net.wendal.nutzbook.core.CoreMainSetup#init',0,'',NULL,'','2018-04-23 00:00:08') "
2018-04-23 00:00:08,704 DEBUG org.nutz.dao.impl.interceptor.DaoTimeInterceptor.filter(DaoTimeInterceptor.java:28) - time=7ms, sql=INSERT INTO t_syslog_201804(uu32,t,tg,src,u_id,u_name,ip,msg,ct) VALUES('264ce16b8adf4ac593edaa896dba2e0f','method','system','net.wendal.nutzbook.core.CoreMainSetup#init',0,'',NULL,'','2018-04-23 00:00:08') 
2018-04-23 00:00:08,758 DEBUG org.nutz.ioc.impl.NutIoc.get(NutIoc.java:165) - Get 'userService'<interface net.wendal.nutzbook.core.service.UserService>
2018-04-23 00:00:08,759 DEBUG org.nutz.ioc.impl.NutIoc.get(NutIoc.java:191) - 	 >> Load definition name=userService
2018-04-23 00:00:08,759 DEBUG org.nutz.ioc.loader.combo.ComboIocLoader.printFoundIocBean(ComboIocLoader.java:226) - Found IocObject(userService) in HotplugIocLoader@1877715906
2018-04-23 00:00:08,760 DEBUG org.nutz.ioc.impl.NutIoc.get(NutIoc.java:222) - 	 >> Make...'userService'<interface net.wendal.nutzbook.core.service.UserService>
2018-04-23 00:00:08,760 DEBUG org.nutz.ioc.impl.ScopeContext.save(ScopeContext.java:64) - Save object 'userService' to [app] 
2018-04-23 00:00:08,763 DEBUG org.nutz.ioc.impl.NutIoc.get(NutIoc.java:165) - Get 'redis'<interface org.nutz.aop.MethodInterceptor>
2018-04-23 00:00:08,763 DEBUG org.nutz.ioc.impl.NutIoc.get(NutIoc.java:191) - 	 >> Load definition name=redis
2018-04-23 00:00:08,764 DEBUG org.nutz.ioc.loader.combo.ComboIocLoader.printFoundIocBean(ComboIocLoader.java:226) - Found IocObject(redis) in JsonLoader(paths=[org/nutz/integration/jedis/jedis.js])
2018-04-23 00:00:08,764 DEBUG org.nutz.ioc.impl.NutIoc.get(NutIoc.java:222) - 	 >> Make...'redis'<interface org.nutz.aop.MethodInterceptor>
2018-04-23 00:00:08,764 DEBUG org.nutz.ioc.impl.ScopeContext.save(ScopeContext.java:64) - Save object 'redis' to [app] 
2018-04-23 00:00:08,770 DEBUG org.nutz.ioc.impl.NutIoc.get(NutIoc.java:165) - Get 'jedisAgent'<>
2018-04-23 00:00:08,877 DEBUG org.nutz.service.EntityService.<init>(EntityService.java:41) - Get TypeParams for self : net.wendal.nutzbook.core.bean.User
2018-04-23 00:00:08,878 DEBUG org.nutz.ioc.impl.NutIoc.get(NutIoc.java:165) - Get 'dao'<>
2018-04-23 00:00:08,882 DEBUG net.sf.ehcache.store.MemoryStore.<init>(MemoryStore.java:153) - Initialized net.sf.ehcache.store.NotifyingMemoryStore for t_user
2018-04-23 00:00:08,883 DEBUG net.sf.ehcache.Cache.initialise(Cache.java:1165) - Initialised cache: t_user
2018-04-23 00:00:08,883 DEBUG net.sf.ehcache.config.ConfigurationHelper.createDefaultCacheDecorators(ConfigurationHelper.java:354) - CacheDecoratorFactory not configured for defaultCache. Skipping for 't_user'.
2018-04-23 00:00:08,886 DEBUG org.nutz.dao.impl.sql.run.NutDaoExecutor.printSQL(NutDaoExecutor.java:388) - SELECT * FROM t_user  WHERE name=?
    |     1 |
    |-------|
    | admin |
  For example:> "SELECT * FROM t_user  WHERE name='admin'"
2018-04-23 00:00:08,913 DEBUG org.nutz.dao.impl.interceptor.DaoTimeInterceptor.filter(DaoTimeInterceptor.java:28) - time=26ms, sql=SELECT * FROM t_user  WHERE name='admin'
2018-04-23 00:00:08,931 DEBUG org.nutz.dao.impl.sql.run.NutDaoExecutor.printSQL(NutDaoExecutor.java:388) - SELECT * FROM t_user  WHERE name=?
    |     1 |
    |-------|
    | guest |
  For example:> "SELECT * FROM t_user  WHERE name='guest'"
2018-04-23 00:00:08,938 DEBUG org.nutz.dao.impl.interceptor.DaoTimeInterceptor.filter(DaoTimeInterceptor.java:28) - time=7ms, sql=SELECT * FROM t_user  WHERE name='guest'
2018-04-23 00:00:08,939 DEBUG org.nutz.ioc.impl.NutIoc.get(NutIoc.java:165) - Get 'nutQuartzCronJobFactory'<class org.nutz.integration.quartz.NutQuartzCronJobFactory>
2018-04-23 00:00:08,940 DEBUG org.nutz.ioc.impl.NutIoc.get(NutIoc.java:191) - 	 >> Load definition name=nutQuartzCronJobFactory
2018-04-23 00:00:08,942 DEBUG org.nutz.ioc.loader.combo.ComboIocLoader.printFoundIocBean(ComboIocLoader.java:226) - Found IocObject(nutQuartzCronJobFactory) in JsonLoader(paths=[])
2018-04-23 00:00:08,943 DEBUG org.nutz.ioc.impl.NutIoc.get(NutIoc.java:222) - 	 >> Make...'nutQuartzCronJobFactory'<class org.nutz.integration.quartz.NutQuartzCronJobFactory>
2018-04-23 00:00:08,943 DEBUG org.nutz.ioc.impl.ScopeContext.save(ScopeContext.java:64) - Save object 'nutQuartzCronJobFactory' to [app] 
2018-04-23 00:00:08,944 DEBUG org.nutz.ioc.aop.impl.DefaultMirrorFactory.getMirror(DefaultMirrorFactory.java:76) - Load class org.nutz.integration.quartz.NutQuartzCronJobFactory without AOP
2018-04-23 00:00:08,949 DEBUG org.nutz.ioc.impl.NutIoc.get(NutIoc.java:165) - Get 'scheduler'<>
2018-04-23 00:00:08,950 DEBUG org.nutz.ioc.impl.NutIoc.get(NutIoc.java:191) - 	 >> Load definition name=scheduler
2018-04-23 00:00:08,950 DEBUG org.nutz.ioc.loader.combo.ComboIocLoader.printFoundIocBean(ComboIocLoader.java:226) - Found IocObject(scheduler) in JsonLoader(paths=[])
2018-04-23 00:00:08,951 DEBUG org.nutz.ioc.impl.NutIoc.get(NutIoc.java:222) - 	 >> Make...'scheduler'<>
2018-04-23 00:00:08,951 DEBUG org.nutz.ioc.impl.ScopeContext.save(ScopeContext.java:64) - Save object 'scheduler' to [app] 
2018-04-23 00:00:08,998 INFO  org.quartz.impl.StdSchedulerFactory.instantiate(StdSchedulerFactory.java:1172) - Using default implementation for ThreadExecutor
2018-04-23 00:00:09,023 INFO  org.quartz.core.SchedulerSignalerImpl.<init>(SchedulerSignalerImpl.java:61) - Initialized Scheduler Signaller of type: class org.quartz.core.SchedulerSignalerImpl
2018-04-23 00:00:09,023 INFO  org.quartz.core.QuartzScheduler.<init>(QuartzScheduler.java:240) - Quartz Scheduler v.2.2.3 created.
2018-04-23 00:00:09,025 INFO  org.quartz.simpl.RAMJobStore.initialize(RAMJobStore.java:155) - RAMJobStore initialized.
2018-04-23 00:00:09,026 INFO  org.quartz.core.QuartzScheduler.initialize(QuartzScheduler.java:305) - Scheduler meta-data: Quartz Scheduler (v2.2.3) 'NutzbookScheduler' with instanceId 'NON_CLUSTERED'
  Scheduler class: 'org.quartz.core.QuartzScheduler' - running locally.
  NOT STARTED.
  Currently in standby mode.
  Number of jobs executed: 0
  Using thread pool 'org.quartz.simpl.SimpleThreadPool' - with 3 threads.
  Using job-store 'org.quartz.simpl.RAMJobStore' - which does not support persistence. and is not clustered.

2018-04-23 00:00:09,026 INFO  org.quartz.impl.StdSchedulerFactory.instantiate(StdSchedulerFactory.java:1327) - Quartz scheduler 'NutzbookScheduler' initialized from default resource file in Quartz package: 'quartz.properties'
2018-04-23 00:00:09,027 INFO  org.quartz.impl.StdSchedulerFactory.instantiate(StdSchedulerFactory.java:1331) - Quartz scheduler version: 2.2.3
2018-04-23 00:00:09,028 DEBUG org.nutz.ioc.impl.NutIoc.get(NutIoc.java:165) - Get 'jobFactory'<>
2018-04-23 00:00:09,029 DEBUG org.nutz.ioc.impl.NutIoc.get(NutIoc.java:191) - 	 >> Load definition name=jobFactory
2018-04-23 00:00:09,029 DEBUG org.nutz.ioc.loader.combo.ComboIocLoader.printFoundIocBean(ComboIocLoader.java:226) - Found IocObject(jobFactory) in JsonLoader(paths=[])
2018-04-23 00:00:09,029 DEBUG org.nutz.ioc.impl.NutIoc.get(NutIoc.java:222) - 	 >> Make...'jobFactory'<>
2018-04-23 00:00:09,030 DEBUG org.nutz.ioc.impl.ScopeContext.save(ScopeContext.java:64) - Save object 'jobFactory' to [app] 
2018-04-23 00:00:09,031 DEBUG org.nutz.ioc.aop.impl.DefaultMirrorFactory.getMirror(DefaultMirrorFactory.java:76) - Load class org.nutz.integration.quartz.NutQuartzJobFactory without AOP
2018-04-23 00:00:09,071 INFO  org.quartz.core.QuartzScheduler.setJobFactory(QuartzScheduler.java:2311) - JobFactory set to: org.nutz.integration.quartz.NutQuartzJobFactory@3966aa06
2018-04-23 00:00:09,099 INFO  org.quartz.core.QuartzScheduler.start(QuartzScheduler.java:575) - Scheduler NutzbookScheduler_$_NON_CLUSTERED started.
2018-04-23 00:00:09,099 DEBUG org.nutz.ioc.impl.NutIoc.get(NutIoc.java:165) - Get 'conf'<>
2018-04-23 00:00:09,100 DEBUG org.nutz.integration.quartz.NutQuartzCronJobFactory.init(NutQuartzCronJobFactory.java:28) - found cron job packages = net.wendal.nutzbook.core.quartz.job
2018-04-23 00:00:09,101 DEBUG org.nutz.resource.Scans.scan(Scans.java:280) - Found 1 resource by src( net/wendal/nutzbook/core/quartz/job/ ) , regex( ^.+[.]class$ )
2018-04-23 00:00:09,101 DEBUG org.nutz.integration.quartz.NutQuartzCronJobFactory.add(NutQuartzCronJobFactory.java:63) - job define name=net.wendal.nutzbook.core.quartz.job.TodayYYYYMMDDJob cron=0 0 * * * ?
2018-04-23 00:00:09,112 DEBUG org.nutz.ioc.impl.NutIoc.get(NutIoc.java:165) - Get 'authorityService'<interface net.wendal.nutzbook.core.service.AuthorityService>
2018-04-23 00:00:09,112 DEBUG org.nutz.ioc.impl.NutIoc.get(NutIoc.java:191) - 	 >> Load definition name=authorityService
2018-04-23 00:00:09,113 DEBUG org.nutz.ioc.loader.combo.ComboIocLoader.printFoundIocBean(ComboIocLoader.java:226) - Found IocObject(authorityService) in HotplugIocLoader@1877715906
2018-04-23 00:00:09,113 DEBUG org.nutz.ioc.impl.NutIoc.get(NutIoc.java:222) - 	 >> Make...'authorityService'<interface net.wendal.nutzbook.core.service.AuthorityService>
2018-04-23 00:00:09,113 DEBUG org.nutz.ioc.impl.ScopeContext.save(ScopeContext.java:64) - Save object 'authorityService' to [app] 
2018-04-23 00:00:09,114 DEBUG org.nutz.ioc.aop.impl.DefaultMirrorFactory.getMirror(DefaultMirrorFactory.java:76) - Load class net.wendal.nutzbook.core.service.impl.AuthorityServiceImpl without AOP
2018-04-23 00:00:09,118 DEBUG org.nutz.ioc.impl.NutIoc.get(NutIoc.java:165) - Get 'dao'<interface org.nutz.dao.Dao>
2018-04-23 00:00:09,121 DEBUG org.nutz.resource.Scans.scan(Scans.java:280) - Found 47 resource by src( net/wendal/nutzbook/core/ ) , regex( ^.+[.]class$ )
2018-04-23 00:00:09,125 DEBUG net.wendal.nutzbook.core.service.impl.AuthorityServiceImpl.initFormPackage(AuthorityServiceImpl.java:71) - pkg=net.wendal.nutzbook.core found permissions=[authority:permission:query, authority:user:query, authority:role:query, authority:user:add, authority:user:delete, configure:query, authority:role:update, authority:permission:add, authority:permission:delete, authority:role:delete, authority:role:add, authority:permission:update, authority:user:update, configure:set]
2018-04-23 00:00:09,125 DEBUG net.wendal.nutzbook.core.service.impl.AuthorityServiceImpl.initFormPackage(AuthorityServiceImpl.java:72) - pkg=net.wendal.nutzbook.core found roles=[admin]
2018-04-23 00:00:09,126 DEBUG org.nutz.dao.impl.sql.run.NutDaoExecutor.printSQL(NutDaoExecutor.java:388) - SELECT * FROM t_permission 
2018-04-23 00:00:09,140 DEBUG org.nutz.dao.impl.interceptor.DaoTimeInterceptor.filter(DaoTimeInterceptor.java:28) - time=13ms, sql=SELECT * FROM t_permission 
2018-04-23 00:00:09,140 DEBUG org.nutz.dao.impl.sql.run.NutDaoExecutor.printSQL(NutDaoExecutor.java:388) - SELECT * FROM t_role 
2018-04-23 00:00:09,154 DEBUG org.nutz.dao.impl.interceptor.DaoTimeInterceptor.filter(DaoTimeInterceptor.java:28) - time=13ms, sql=SELECT * FROM t_role 
2018-04-23 00:00:09,167 DEBUG org.nutz.dao.impl.sql.run.NutDaoExecutor.printSQL(NutDaoExecutor.java:388) - UPDATE t_role SET name=?  WHERE name=?
    |   1 |   2 |
    |-----|-----|
    | XXX | XXX |
  For example:> "UPDATE t_role SET name='XXX'  WHERE name='XXX'"
2018-04-23 00:00:09,169 DEBUG org.nutz.dao.impl.interceptor.DaoTimeInterceptor.filter(DaoTimeInterceptor.java:28) - time=1ms, sql=UPDATE t_role SET name='XXX'  WHERE name='XXX'
2018-04-23 00:00:09,170 DEBUG org.nutz.dao.impl.sql.run.NutDaoExecutor.printSQL(NutDaoExecutor.java:388) - UPDATE t_permission SET name=?  WHERE name=?
    |   1 |   2 |
    |-----|-----|
    | XXX | XXX |
  For example:> "UPDATE t_permission SET name='XXX'  WHERE name='XXX'"
2018-04-23 00:00:09,172 DEBUG org.nutz.dao.impl.interceptor.DaoTimeInterceptor.filter(DaoTimeInterceptor.java:28) - time=1ms, sql=UPDATE t_permission SET name='XXX'  WHERE name='XXX'
2018-04-23 00:00:09,174 DEBUG net.sf.ehcache.store.MemoryStore.<init>(MemoryStore.java:153) - Initialized net.sf.ehcache.store.NotifyingMemoryStore for t_role
2018-04-23 00:00:09,174 DEBUG net.sf.ehcache.Cache.initialise(Cache.java:1165) - Initialised cache: t_role
2018-04-23 00:00:09,175 DEBUG net.sf.ehcache.config.ConfigurationHelper.createDefaultCacheDecorators(ConfigurationHelper.java:354) - CacheDecoratorFactory not configured for defaultCache. Skipping for 't_role'.
2018-04-23 00:00:09,175 DEBUG org.nutz.dao.impl.sql.run.NutDaoExecutor.printSQL(NutDaoExecutor.java:388) - SELECT * FROM t_role  WHERE name=?
    |     1 |
    |-------|
    | admin |
  For example:> "SELECT * FROM t_role  WHERE name='admin'"
2018-04-23 00:00:09,177 DEBUG org.nutz.dao.impl.interceptor.DaoTimeInterceptor.filter(DaoTimeInterceptor.java:28) - time=2ms, sql=SELECT * FROM t_role  WHERE name='admin'
2018-04-23 00:00:09,180 DEBUG net.sf.ehcache.store.MemoryStore.<init>(MemoryStore.java:153) - Initialized net.sf.ehcache.store.NotifyingMemoryStore for t_user_role
2018-04-23 00:00:09,181 DEBUG net.sf.ehcache.Cache.initialise(Cache.java:1165) - Initialised cache: t_user_role
2018-04-23 00:00:09,181 DEBUG net.sf.ehcache.config.ConfigurationHelper.createDefaultCacheDecorators(ConfigurationHelper.java:354) - CacheDecoratorFactory not configured for defaultCache. Skipping for 't_user_role'.
2018-04-23 00:00:09,181 DEBUG org.nutz.dao.impl.sql.run.NutDaoExecutor.printSQL(NutDaoExecutor.java:388) - SELECT COUNT(*) FROM t_user_role  WHERE u_id=? AND role_id=?
    | 1 | 2 |
    |---|---|
    | 1 | 2 |
  For example:> "SELECT COUNT(*) FROM t_user_role  WHERE u_id=1 AND role_id=2"
2018-04-23 00:00:09,184 DEBUG org.nutz.dao.impl.interceptor.DaoTimeInterceptor.filter(DaoTimeInterceptor.java:28) - time=1ms, sql=SELECT COUNT(*) FROM t_user_role  WHERE u_id=1 AND role_id=2
2018-04-23 00:00:09,185 DEBUG net.sf.ehcache.store.MemoryStore.<init>(MemoryStore.java:153) - Initialized net.sf.ehcache.store.NotifyingMemoryStore for t_role_permission
2018-04-23 00:00:09,186 DEBUG net.sf.ehcache.Cache.initialise(Cache.java:1165) - Initialised cache: t_role_permission
2018-04-23 00:00:09,186 DEBUG net.sf.ehcache.config.ConfigurationHelper.createDefaultCacheDecorators(ConfigurationHelper.java:354) - CacheDecoratorFactory not configured for defaultCache. Skipping for 't_role_permission'.
2018-04-23 00:00:09,186 DEBUG org.nutz.dao.impl.sql.run.NutDaoExecutor.printSQL(NutDaoExecutor.java:388) - SELECT * FROM t_role_permission  WHERE role_id=?
    | 1 |
    |---|
    | 2 |
  For example:> "SELECT * FROM t_role_permission  WHERE role_id=2"
2018-04-23 00:00:09,190 DEBUG org.nutz.dao.impl.interceptor.DaoTimeInterceptor.filter(DaoTimeInterceptor.java:28) - time=3ms, sql=SELECT * FROM t_role_permission  WHERE role_id=2
2018-04-23 00:00:09,204 DEBUG net.sf.ehcache.store.MemoryStore.<init>(MemoryStore.java:153) - Initialized net.sf.ehcache.store.NotifyingMemoryStore for t_permission
2018-04-23 00:00:09,204 DEBUG net.sf.ehcache.Cache.initialise(Cache.java:1165) - Initialised cache: t_permission
2018-04-23 00:00:09,204 DEBUG net.sf.ehcache.config.ConfigurationHelper.createDefaultCacheDecorators(ConfigurationHelper.java:354) - CacheDecoratorFactory not configured for defaultCache. Skipping for 't_permission'.
2018-04-23 00:00:09,205 DEBUG org.nutz.dao.impl.sql.run.NutDaoExecutor.printSQL(NutDaoExecutor.java:388) - SELECT * FROM t_permission  WHERE name LIKE ? OR name LIKE ? OR name LIKE ? OR name LIKE ?
    |           1 |      2 |           3 |       4 |
    |-------------|--------|-------------|---------|
    | authority:% | user:% | configure:% | topic:% |
  For example:> "SELECT * FROM t_permission  WHERE name LIKE 'authority:%' OR name LIKE 'user:%' OR name LIKE 'configure:%' OR name LIKE 'topic:%'"
2018-04-23 00:00:09,210 DEBUG org.nutz.dao.impl.interceptor.DaoTimeInterceptor.filter(DaoTimeInterceptor.java:28) - time=5ms, sql=SELECT * FROM t_permission  WHERE name LIKE 'authority:%' OR name LIKE 'user:%' OR name LIKE 'configure:%' OR name LIKE 'topic:%'
2018-04-23 00:00:09,217 DEBUG org.nutz.ioc.impl.NutIoc.get(NutIoc.java:165) - Get 'conf'<class org.nutz.ioc.impl.PropertiesProxy>
2018-04-23 00:00:09,217 DEBUG org.nutz.plugins.hotplug.Hotplug.setupInit(Hotplug.java:309) - init hotplug name=adminlte
2018-04-23 00:00:09,218 INFO  org.nutz.ioc.loader.annotation.AnnotationIocLoader.<init>(AnnotationIocLoader.java:50) -  > scan 'net.wendal.nutzbook.adminlte'
2018-04-23 00:00:09,219 DEBUG org.nutz.resource.Scans.scan(Scans.java:280) - Found 3 resource by src( net/wendal/nutzbook/adminlte/ ) , regex( ^.+[.]class$ )
2018-04-23 00:00:09,221 INFO  org.nutz.ioc.loader.annotation.AnnotationIocLoader.addClass(AnnotationIocLoader.java:98) -    > add 'adminlteModule                          ' - net.wendal.nutzbook.adminlte.module.AdminlteModule
2018-04-23 00:00:09,222 INFO  org.nutz.mvc.impl.NutLoading.evalUrlMapping(NutLoading.java:159) - Build URL mapping by org.nutz.plugins.apidoc.ApidocUrlMapping ...
2018-04-23 00:00:09,223 DEBUG org.nutz.mvc.impl.Loadings.scanModules(Loadings.java:155) - module class location 'file:/D:/OftenSoft/Maven/m2/repo/net/wendal/nutzcn/nutzcn-adminlte/3.1.0/nutzcn-adminlte-3.1.0.jar'
2018-04-23 00:00:09,223 DEBUG org.nutz.mvc.impl.Loadings.scanModuleInPackage(Loadings.java:185) -  > scan 'net.wendal.nutzbook.adminlte'
2018-04-23 00:00:09,224 DEBUG org.nutz.resource.Scans.scan(Scans.java:280) - Found 3 resource by src( net/wendal/nutzbook/adminlte/ ) , regex( ^.+[.]class$ )
2018-04-23 00:00:09,225 DEBUG org.nutz.mvc.impl.Loadings.checkModule(Loadings.java:204) -    >> add 'net.wendal.nutzbook.adminlte.module.AdminlteModule'
2018-04-23 00:00:09,226 DEBUG org.nutz.mvc.impl.NutLoading.evalUrlMapping(NutLoading.java:196) - Use org.nutz.mvc.impl.NutEntryDeterminer as EntryMethodDeterminer
2018-04-23 00:00:09,228 DEBUG org.nutz.mvc.impl.UrlMappingImpl.print(UrlMappingImpl.java:146) -    '/adminlte/', '/adminlte/index' >> (AdminlteModule.java:40).index        : void       | @Ok(beetl:/adminlte/index.html) @Fail(null ) | by 0 Filters | (I:UTF-8/O:UTF-8)
2018-04-23 00:00:09,229 DEBUG org.nutz.mvc.impl.UrlMappingImpl.print(UrlMappingImpl.java:146) -    '/adminlte/test/mail'       >> (AdminlteModule.java:64).sendTestMail : Object     | @Ok(json ) @Fail(null ) | by 0 Filters | (I:UTF-8/O:UTF-8)
2018-04-23 00:00:09,231 DEBUG org.nutz.mvc.impl.UrlMappingImpl.print(UrlMappingImpl.java:146) -    '/adminlte/page/?/?'        >> (AdminlteModule.java:46).page         : void       | @Ok(beetl:/adminlte/${pathargs[0]}/${pathargs[1]}.html) @Fail(null ) | by 0 Filters | (I:UTF-8/O:UTF-8)
2018-04-23 00:00:09,232 DEBUG org.nutz.mvc.impl.UrlMappingImpl.print(UrlMappingImpl.java:146) -    '/adminlte/user/login'      >> (AdminlteModule.java:52).login        : Object     | @Ok(beetl:/adminlte/login.html) @Fail(null ) | by 0 Filters | (I:UTF-8/O:UTF-8)
2018-04-23 00:00:09,233 INFO  org.nutz.mvc.impl.NutLoading.evalUrlMapping(NutLoading.java:221) - Found 4 module methods
2018-04-23 00:00:09,236 DEBUG org.nutz.plugins.hotplug.Hotplug.getHotPlugJarList(Hotplug.java:432) - check hotplug.localdir : E:\var\lib\hotplug
2018-04-23 00:00:09,237 INFO  org.nutz.mvc.impl.NutLoading.load(NutLoading.java:141) - Nutz.Mvc[nutz] is up in 3745ms
2018-04-23 00:00:09,239 INFO  org.nutz.mvc.NutFilter._init(NutFilter.java:117) - exclusionsPrefix  = ^(/rs/|/druid/)
2018-04-23 21:52:09,529 DEBUG org.nutz.ioc.impl.NutIoc.get(NutIoc.java:165) - Get 'todayYYYYMMDDJob'<class net.wendal.nutzbook.core.quartz.job.TodayYYYYMMDDJob>
2018-04-23 21:52:14,650 DEBUG org.nutz.ioc.impl.NutIoc.get(NutIoc.java:191) - 	 >> Load definition name=todayYYYYMMDDJob
2018-04-23 21:52:14,651 DEBUG org.nutz.ioc.loader.combo.ComboIocLoader.printFoundIocBean(ComboIocLoader.java:226) - Found IocObject(todayYYYYMMDDJob) in HotplugIocLoader@1877715906
2018-04-23 21:52:14,651 DEBUG org.nutz.ioc.impl.NutIoc.get(NutIoc.java:222) - 	 >> Make...'todayYYYYMMDDJob'<class net.wendal.nutzbook.core.quartz.job.TodayYYYYMMDDJob>
2018-04-23 21:52:14,651 DEBUG org.nutz.ioc.impl.ScopeContext.save(ScopeContext.java:64) - Save object 'todayYYYYMMDDJob' to [app] 
2018-04-23 21:52:14,651 DEBUG org.nutz.ioc.aop.impl.DefaultMirrorFactory.getMirror(DefaultMirrorFactory.java:76) - Load class net.wendal.nutzbook.core.quartz.job.TodayYYYYMMDDJob without AOP
2018-04-23 21:52:14,654 DEBUG org.quartz.core.JobRunShell.run(JobRunShell.java:201) - Calling execute on job DEFAULT.net.wendal.nutzbook.core.quartz.job.TodayYYYYMMDDJob
